<?xml version="1.0" encoding="UTF-8"?>
<testsuite xmlns:xsi="http://www.w3.org/2001/XMLSchema-instance" xsi:noNamespaceSchemaLocation="https://maven.apache.org/surefire/maven-surefire-plugin/xsd/surefire-test-report.xsd" name="com.jmu.uacs.UacsUserApplicationTests" time="16.012" tests="1" errors="0" skipped="0" failures="0">
  <properties>
    <property name="sun.desktop" value="windows"/>
    <property name="awt.toolkit" value="sun.awt.windows.WToolkit"/>
    <property name="file.encoding.pkg" value="sun.io"/>
    <property name="java.specification.version" value="1.8"/>
    <property name="sun.cpu.isalist" value="amd64"/>
    <property name="sun.jnu.encoding" value="GBK"/>
    <property name="java.class.path" value="D:\workspace\mySrc\workspace_IDEA\uacs\uacs-parent\uacs-user\target\test-classes;D:\workspace\mySrc\workspace_IDEA\uacs\uacs-parent\uacs-user\target\classes;D:\workspace\RepMaven\org\springframework\boot\spring-boot-starter-data-redis\2.5.2\spring-boot-starter-data-redis-2.5.2.jar;D:\workspace\RepMaven\org\springframework\boot\spring-boot-starter\2.5.2\spring-boot-starter-2.5.2.jar;D:\workspace\RepMaven\org\springframework\boot\spring-boot\2.5.2\spring-boot-2.5.2.jar;D:\workspace\RepMaven\org\springframework\boot\spring-boot-autoconfigure\2.5.2\spring-boot-autoconfigure-2.5.2.jar;D:\workspace\RepMaven\org\springframework\boot\spring-boot-starter-logging\2.5.2\spring-boot-starter-logging-2.5.2.jar;D:\workspace\RepMaven\ch\qos\logback\logback-classic\1.2.3\logback-classic-1.2.3.jar;D:\workspace\RepMaven\ch\qos\logback\logback-core\1.2.3\logback-core-1.2.3.jar;D:\workspace\RepMaven\org\apache\logging\log4j\log4j-to-slf4j\2.14.1\log4j-to-slf4j-2.14.1.jar;D:\workspace\RepMaven\org\apache\logging\log4j\log4j-api\2.14.1\log4j-api-2.14.1.jar;D:\workspace\RepMaven\org\slf4j\jul-to-slf4j\1.7.31\jul-to-slf4j-1.7.31.jar;D:\workspace\RepMaven\jakarta\annotation\jakarta.annotation-api\1.3.5\jakarta.annotation-api-1.3.5.jar;D:\workspace\RepMaven\org\yaml\snakeyaml\1.28\snakeyaml-1.28.jar;D:\workspace\RepMaven\org\springframework\data\spring-data-redis\2.5.2\spring-data-redis-2.5.2.jar;D:\workspace\RepMaven\org\springframework\data\spring-data-keyvalue\2.5.2\spring-data-keyvalue-2.5.2.jar;D:\workspace\RepMaven\org\springframework\data\spring-data-commons\2.5.2\spring-data-commons-2.5.2.jar;D:\workspace\RepMaven\org\springframework\spring-tx\5.3.8\spring-tx-5.3.8.jar;D:\workspace\RepMaven\org\springframework\spring-oxm\5.3.8\spring-oxm-5.3.8.jar;D:\workspace\RepMaven\org\springframework\spring-aop\5.3.8\spring-aop-5.3.8.jar;D:\workspace\RepMaven\org\springframework\spring-context-support\5.3.8\spring-context-support-5.3.8.jar;D:\workspace\RepMaven\org\slf4j\slf4j-api\1.7.31\slf4j-api-1.7.31.jar;D:\workspace\RepMaven\io\lettuce\lettuce-core\6.1.3.RELEASE\lettuce-core-6.1.3.RELEASE.jar;D:\workspace\RepMaven\io\netty\netty-common\4.1.65.Final\netty-common-4.1.65.Final.jar;D:\workspace\RepMaven\io\netty\netty-handler\4.1.65.Final\netty-handler-4.1.65.Final.jar;D:\workspace\RepMaven\io\netty\netty-resolver\4.1.65.Final\netty-resolver-4.1.65.Final.jar;D:\workspace\RepMaven\io\netty\netty-buffer\4.1.65.Final\netty-buffer-4.1.65.Final.jar;D:\workspace\RepMaven\io\netty\netty-codec\4.1.65.Final\netty-codec-4.1.65.Final.jar;D:\workspace\RepMaven\io\netty\netty-transport\4.1.65.Final\netty-transport-4.1.65.Final.jar;D:\workspace\RepMaven\io\projectreactor\reactor-core\3.4.7\reactor-core-3.4.7.jar;D:\workspace\RepMaven\org\reactivestreams\reactive-streams\1.0.3\reactive-streams-1.0.3.jar;D:\workspace\RepMaven\org\springframework\boot\spring-boot-starter-jdbc\2.5.2\spring-boot-starter-jdbc-2.5.2.jar;D:\workspace\RepMaven\com\zaxxer\HikariCP\4.0.3\HikariCP-4.0.3.jar;D:\workspace\RepMaven\org\springframework\spring-jdbc\5.3.8\spring-jdbc-5.3.8.jar;D:\workspace\RepMaven\org\springframework\spring-beans\5.3.8\spring-beans-5.3.8.jar;D:\workspace\RepMaven\org\springframework\boot\spring-boot-starter-web\2.5.2\spring-boot-starter-web-2.5.2.jar;D:\workspace\RepMaven\org\springframework\boot\spring-boot-starter-json\2.5.2\spring-boot-starter-json-2.5.2.jar;D:\workspace\RepMaven\com\fasterxml\jackson\core\jackson-databind\2.12.3\jackson-databind-2.12.3.jar;D:\workspace\RepMaven\com\fasterxml\jackson\datatype\jackson-datatype-jdk8\2.12.3\jackson-datatype-jdk8-2.12.3.jar;D:\workspace\RepMaven\com\fasterxml\jackson\datatype\jackson-datatype-jsr310\2.12.3\jackson-datatype-jsr310-2.12.3.jar;D:\workspace\RepMaven\com\fasterxml\jackson\module\jackson-module-parameter-names\2.12.3\jackson-module-parameter-names-2.12.3.jar;D:\workspace\RepMaven\org\springframework\boot\spring-boot-starter-tomcat\2.5.2\spring-boot-starter-tomcat-2.5.2.jar;D:\workspace\RepMaven\org\apache\tomcat\embed\tomcat-embed-core\9.0.48\tomcat-embed-core-9.0.48.jar;D:\workspace\RepMaven\org\apache\tomcat\embed\tomcat-embed-el\9.0.48\tomcat-embed-el-9.0.48.jar;D:\workspace\RepMaven\org\apache\tomcat\embed\tomcat-embed-websocket\9.0.48\tomcat-embed-websocket-9.0.48.jar;D:\workspace\RepMaven\org\springframework\spring-web\5.3.8\spring-web-5.3.8.jar;D:\workspace\RepMaven\org\springframework\spring-webmvc\5.3.8\spring-webmvc-5.3.8.jar;D:\workspace\RepMaven\org\springframework\spring-context\5.3.8\spring-context-5.3.8.jar;D:\workspace\RepMaven\org\springframework\spring-expression\5.3.8\spring-expression-5.3.8.jar;D:\workspace\RepMaven\org\mybatis\spring\boot\mybatis-spring-boot-starter\2.2.0\mybatis-spring-boot-starter-2.2.0.jar;D:\workspace\RepMaven\org\mybatis\spring\boot\mybatis-spring-boot-autoconfigure\2.2.0\mybatis-spring-boot-autoconfigure-2.2.0.jar;D:\workspace\RepMaven\org\mybatis\mybatis\3.5.7\mybatis-3.5.7.jar;D:\workspace\RepMaven\org\mybatis\mybatis-spring\2.0.6\mybatis-spring-2.0.6.jar;D:\workspace\RepMaven\org\springframework\cloud\spring-cloud-starter-netflix-eureka-client\3.0.3\spring-cloud-starter-netflix-eureka-client-3.0.3.jar;D:\workspace\RepMaven\org\springframework\cloud\spring-cloud-starter\3.0.3\spring-cloud-starter-3.0.3.jar;D:\workspace\RepMaven\org\springframework\cloud\spring-cloud-context\3.0.3\spring-cloud-context-3.0.3.jar;D:\workspace\RepMaven\org\springframework\security\spring-security-crypto\5.5.1\spring-security-crypto-5.5.1.jar;D:\workspace\RepMaven\org\springframework\cloud\spring-cloud-commons\3.0.3\spring-cloud-commons-3.0.3.jar;D:\workspace\RepMaven\org\springframework\security\spring-security-rsa\1.0.10.RELEASE\spring-security-rsa-1.0.10.RELEASE.jar;D:\workspace\RepMaven\org\bouncycastle\bcpkix-jdk15on\1.68\bcpkix-jdk15on-1.68.jar;D:\workspace\RepMaven\org\bouncycastle\bcprov-jdk15on\1.68\bcprov-jdk15on-1.68.jar;D:\workspace\RepMaven\org\springframework\cloud\spring-cloud-netflix-eureka-client\3.0.3\spring-cloud-netflix-eureka-client-3.0.3.jar;D:\workspace\RepMaven\com\netflix\eureka\eureka-client\1.10.14\eureka-client-1.10.14.jar;D:\workspace\RepMaven\com\netflix\netflix-commons\netflix-eventbus\0.3.0\netflix-eventbus-0.3.0.jar;D:\workspace\RepMaven\com\netflix\netflix-commons\netflix-infix\0.3.0\netflix-infix-0.3.0.jar;D:\workspace\RepMaven\commons-jxpath\commons-jxpath\1.3\commons-jxpath-1.3.jar;D:\workspace\RepMaven\joda-time\joda-time\2.3\joda-time-2.3.jar;D:\workspace\RepMaven\org\antlr\antlr-runtime\3.4\antlr-runtime-3.4.jar;D:\workspace\RepMaven\org\antlr\stringtemplate\3.2.1\stringtemplate-3.2.1.jar;D:\workspace\RepMaven\antlr\antlr\2.7.7\antlr-2.7.7.jar;D:\workspace\RepMaven\com\google\code\gson\gson\2.8.7\gson-2.8.7.jar;D:\workspace\RepMaven\org\apache\commons\commons-math\2.2\commons-math-2.2.jar;D:\workspace\RepMaven\com\thoughtworks\xstream\xstream\1.4.16\xstream-1.4.16.jar;D:\workspace\RepMaven\io\github\x-stream\mxparser\1.2.1\mxparser-1.2.1.jar;D:\workspace\RepMaven\xmlpull\xmlpull\1.1.3.1\xmlpull-1.1.3.1.jar;D:\workspace\RepMaven\javax\ws\rs\jsr311-api\1.1.1\jsr311-api-1.1.1.jar;D:\workspace\RepMaven\com\netflix\servo\servo-core\0.12.21\servo-core-0.12.21.jar;D:\workspace\RepMaven\commons-configuration\commons-configuration\1.10\commons-configuration-1.10.jar;D:\workspace\RepMaven\com\google\inject\guice\4.1.0\guice-4.1.0.jar;D:\workspace\RepMaven\javax\inject\javax.inject\1\javax.inject-1.jar;D:\workspace\RepMaven\aopalliance\aopalliance\1.0\aopalliance-1.0.jar;D:\workspace\RepMaven\com\fasterxml\jackson\core\jackson-annotations\2.12.3\jackson-annotations-2.12.3.jar;D:\workspace\RepMaven\com\fasterxml\jackson\core\jackson-core\2.12.3\jackson-core-2.12.3.jar;D:\workspace\RepMaven\org\codehaus\jettison\jettison\1.4.0\jettison-1.4.0.jar;D:\workspace\RepMaven\com\netflix\eureka\eureka-core\1.10.14\eureka-core-1.10.14.jar;D:\workspace\RepMaven\com\fasterxml\woodstox\woodstox-core\6.2.1\woodstox-core-6.2.1.jar;D:\workspace\RepMaven\org\codehaus\woodstox\stax2-api\4.2.1\stax2-api-4.2.1.jar;D:\workspace\RepMaven\org\springframework\cloud\spring-cloud-starter-loadbalancer\3.0.3\spring-cloud-starter-loadbalancer-3.0.3.jar;D:\workspace\RepMaven\org\springframework\cloud\spring-cloud-loadbalancer\3.0.3\spring-cloud-loadbalancer-3.0.3.jar;D:\workspace\RepMaven\org\springframework\boot\spring-boot-starter-validation\2.5.2\spring-boot-starter-validation-2.5.2.jar;D:\workspace\RepMaven\org\hibernate\validator\hibernate-validator\6.2.0.Final\hibernate-validator-6.2.0.Final.jar;D:\workspace\RepMaven\jakarta\validation\jakarta.validation-api\2.0.2\jakarta.validation-api-2.0.2.jar;D:\workspace\RepMaven\org\jboss\logging\jboss-logging\3.4.2.Final\jboss-logging-3.4.2.Final.jar;D:\workspace\RepMaven\io\projectreactor\addons\reactor-extra\3.4.3\reactor-extra-3.4.3.jar;D:\workspace\RepMaven\org\springframework\boot\spring-boot-starter-cache\2.5.2\spring-boot-starter-cache-2.5.2.jar;D:\workspace\RepMaven\com\stoyanr\evictor\1.0.0\evictor-1.0.0.jar;D:\workspace\RepMaven\mysql\mysql-connector-java\8.0.25\mysql-connector-java-8.0.25.jar;D:\workspace\RepMaven\org\springframework\boot\spring-boot-starter-test\2.5.2\spring-boot-starter-test-2.5.2.jar;D:\workspace\RepMaven\org\springframework\boot\spring-boot-test\2.5.2\spring-boot-test-2.5.2.jar;D:\workspace\RepMaven\org\springframework\boot\spring-boot-test-autoconfigure\2.5.2\spring-boot-test-autoconfigure-2.5.2.jar;D:\workspace\RepMaven\com\jayway\jsonpath\json-path\2.5.0\json-path-2.5.0.jar;D:\workspace\RepMaven\net\minidev\json-smart\2.4.7\json-smart-2.4.7.jar;D:\workspace\RepMaven\net\minidev\accessors-smart\2.4.7\accessors-smart-2.4.7.jar;D:\workspace\RepMaven\org\ow2\asm\asm\9.1\asm-9.1.jar;D:\workspace\RepMaven\jakarta\xml\bind\jakarta.xml.bind-api\2.3.3\jakarta.xml.bind-api-2.3.3.jar;D:\workspace\RepMaven\jakarta\activation\jakarta.activation-api\1.2.2\jakarta.activation-api-1.2.2.jar;D:\workspace\RepMaven\org\assertj\assertj-core\3.19.0\assertj-core-3.19.0.jar;D:\workspace\RepMaven\org\hamcrest\hamcrest\2.2\hamcrest-2.2.jar;D:\workspace\RepMaven\org\junit\jupiter\junit-jupiter\5.7.2\junit-jupiter-5.7.2.jar;D:\workspace\RepMaven\org\junit\jupiter\junit-jupiter-api\5.7.2\junit-jupiter-api-5.7.2.jar;D:\workspace\RepMaven\org\apiguardian\apiguardian-api\1.1.0\apiguardian-api-1.1.0.jar;D:\workspace\RepMaven\org\opentest4j\opentest4j\1.2.0\opentest4j-1.2.0.jar;D:\workspace\RepMaven\org\junit\platform\junit-platform-commons\1.7.2\junit-platform-commons-1.7.2.jar;D:\workspace\RepMaven\org\junit\jupiter\junit-jupiter-params\5.7.2\junit-jupiter-params-5.7.2.jar;D:\workspace\RepMaven\org\junit\jupiter\junit-jupiter-engine\5.7.2\junit-jupiter-engine-5.7.2.jar;D:\workspace\RepMaven\org\junit\platform\junit-platform-engine\1.7.2\junit-platform-engine-1.7.2.jar;D:\workspace\RepMaven\org\mockito\mockito-core\3.9.0\mockito-core-3.9.0.jar;D:\workspace\RepMaven\net\bytebuddy\byte-buddy\1.10.22\byte-buddy-1.10.22.jar;D:\workspace\RepMaven\net\bytebuddy\byte-buddy-agent\1.10.22\byte-buddy-agent-1.10.22.jar;D:\workspace\RepMaven\org\objenesis\objenesis\3.2\objenesis-3.2.jar;D:\workspace\RepMaven\org\mockito\mockito-junit-jupiter\3.9.0\mockito-junit-jupiter-3.9.0.jar;D:\workspace\RepMaven\org\skyscreamer\jsonassert\1.5.0\jsonassert-1.5.0.jar;D:\workspace\RepMaven\com\vaadin\external\google\android-json\0.0.20131108.vaadin1\android-json-0.0.20131108.vaadin1.jar;D:\workspace\RepMaven\org\springframework\spring-core\5.3.8\spring-core-5.3.8.jar;D:\workspace\RepMaven\org\springframework\spring-jcl\5.3.8\spring-jcl-5.3.8.jar;D:\workspace\RepMaven\org\springframework\spring-test\5.3.8\spring-test-5.3.8.jar;D:\workspace\RepMaven\org\xmlunit\xmlunit-core\2.8.2\xmlunit-core-2.8.2.jar;D:\workspace\RepMaven\com\jmu\uacs\uacs-common\0.0.1-SNAPSHOT\uacs-common-0.0.1-SNAPSHOT.jar;D:\workspace\RepMaven\org\projectlombok\lombok\1.18.20\lombok-1.18.20.jar;D:\workspace\RepMaven\com\alibaba\druid\1.1.12\druid-1.1.12.jar;D:\workspace\RepMaven\io\springfox\springfox-swagger2\2.9.2\springfox-swagger2-2.9.2.jar;D:\workspace\RepMaven\io\swagger\swagger-annotations\1.5.20\swagger-annotations-1.5.20.jar;D:\workspace\RepMaven\io\swagger\swagger-models\1.5.20\swagger-models-1.5.20.jar;D:\workspace\RepMaven\io\springfox\springfox-spi\2.9.2\springfox-spi-2.9.2.jar;D:\workspace\RepMaven\io\springfox\springfox-core\2.9.2\springfox-core-2.9.2.jar;D:\workspace\RepMaven\io\springfox\springfox-schema\2.9.2\springfox-schema-2.9.2.jar;D:\workspace\RepMaven\io\springfox\springfox-swagger-common\2.9.2\springfox-swagger-common-2.9.2.jar;D:\workspace\RepMaven\io\springfox\springfox-spring-web\2.9.2\springfox-spring-web-2.9.2.jar;D:\workspace\RepMaven\com\google\guava\guava\20.0\guava-20.0.jar;D:\workspace\RepMaven\com\fasterxml\classmate\1.5.1\classmate-1.5.1.jar;D:\workspace\RepMaven\org\springframework\plugin\spring-plugin-core\1.2.0.RELEASE\spring-plugin-core-1.2.0.RELEASE.jar;D:\workspace\RepMaven\org\springframework\plugin\spring-plugin-metadata\1.2.0.RELEASE\spring-plugin-metadata-1.2.0.RELEASE.jar;D:\workspace\RepMaven\org\mapstruct\mapstruct\1.2.0.Final\mapstruct-1.2.0.Final.jar;D:\workspace\RepMaven\io\springfox\springfox-swagger-ui\2.9.2\springfox-swagger-ui-2.9.2.jar;D:\workspace\RepMaven\com\alibaba\fastjson\1.2.15\fastjson-1.2.15.jar;D:\workspace\RepMaven\org\apache\httpcomponents\httpclient\4.5.13\httpclient-4.5.13.jar;D:\workspace\RepMaven\commons-codec\commons-codec\1.15\commons-codec-1.15.jar;D:\workspace\RepMaven\org\apache\httpcomponents\httpcore\4.4.14\httpcore-4.4.14.jar;D:\workspace\RepMaven\commons-lang\commons-lang\2.6\commons-lang-2.6.jar;D:\workspace\RepMaven\org\eclipse\jetty\jetty-util\9.4.42.v20210604\jetty-util-9.4.42.v20210604.jar;D:\workspace\RepMaven\junit\junit\4.13.2\junit-4.13.2.jar;D:\workspace\RepMaven\org\hamcrest\hamcrest-core\2.2\hamcrest-core-2.2.jar;D:\workspace\RepMaven\org\mybatis\generator\mybatis-generator-core\1.3.5\mybatis-generator-core-1.3.5.jar;"/>
    <property name="java.vm.vendor" value="Oracle Corporation"/>
    <property name="sun.arch.data.model" value="64"/>
    <property name="user.variant" value=""/>
    <property name="java.vendor.url" value="http://java.oracle.com/"/>
    <property name="user.timezone" value="Asia/Shanghai"/>
    <property name="java.vm.specification.version" value="1.8"/>
    <property name="os.name" value="Windows 10"/>
    <property name="user.country" value="CN"/>
    <property name="sun.java.launcher" value="SUN_STANDARD"/>
    <property name="sun.boot.library.path" value="D:\workspace\jdk\jdk1.8.0_141\jre\bin"/>
    <property name="sun.java.command" value="C:\Users\1\AppData\Local\Temp\surefire5549173310893907461\surefirebooter5327440569964107492.jar C:\Users\1\AppData\Local\Temp\surefire5549173310893907461 2021-09-21T08-29-25_375-jvmRun1 surefire3496014049430598015tmp surefire_07237298777047938049tmp"/>
    <property name="surefire.test.class.path" value="D:\workspace\mySrc\workspace_IDEA\uacs\uacs-parent\uacs-user\target\test-classes;D:\workspace\mySrc\workspace_IDEA\uacs\uacs-parent\uacs-user\target\classes;D:\workspace\RepMaven\org\springframework\boot\spring-boot-starter-data-redis\2.5.2\spring-boot-starter-data-redis-2.5.2.jar;D:\workspace\RepMaven\org\springframework\boot\spring-boot-starter\2.5.2\spring-boot-starter-2.5.2.jar;D:\workspace\RepMaven\org\springframework\boot\spring-boot\2.5.2\spring-boot-2.5.2.jar;D:\workspace\RepMaven\org\springframework\boot\spring-boot-autoconfigure\2.5.2\spring-boot-autoconfigure-2.5.2.jar;D:\workspace\RepMaven\org\springframework\boot\spring-boot-starter-logging\2.5.2\spring-boot-starter-logging-2.5.2.jar;D:\workspace\RepMaven\ch\qos\logback\logback-classic\1.2.3\logback-classic-1.2.3.jar;D:\workspace\RepMaven\ch\qos\logback\logback-core\1.2.3\logback-core-1.2.3.jar;D:\workspace\RepMaven\org\apache\logging\log4j\log4j-to-slf4j\2.14.1\log4j-to-slf4j-2.14.1.jar;D:\workspace\RepMaven\org\apache\logging\log4j\log4j-api\2.14.1\log4j-api-2.14.1.jar;D:\workspace\RepMaven\org\slf4j\jul-to-slf4j\1.7.31\jul-to-slf4j-1.7.31.jar;D:\workspace\RepMaven\jakarta\annotation\jakarta.annotation-api\1.3.5\jakarta.annotation-api-1.3.5.jar;D:\workspace\RepMaven\org\yaml\snakeyaml\1.28\snakeyaml-1.28.jar;D:\workspace\RepMaven\org\springframework\data\spring-data-redis\2.5.2\spring-data-redis-2.5.2.jar;D:\workspace\RepMaven\org\springframework\data\spring-data-keyvalue\2.5.2\spring-data-keyvalue-2.5.2.jar;D:\workspace\RepMaven\org\springframework\data\spring-data-commons\2.5.2\spring-data-commons-2.5.2.jar;D:\workspace\RepMaven\org\springframework\spring-tx\5.3.8\spring-tx-5.3.8.jar;D:\workspace\RepMaven\org\springframework\spring-oxm\5.3.8\spring-oxm-5.3.8.jar;D:\workspace\RepMaven\org\springframework\spring-aop\5.3.8\spring-aop-5.3.8.jar;D:\workspace\RepMaven\org\springframework\spring-context-support\5.3.8\spring-context-support-5.3.8.jar;D:\workspace\RepMaven\org\slf4j\slf4j-api\1.7.31\slf4j-api-1.7.31.jar;D:\workspace\RepMaven\io\lettuce\lettuce-core\6.1.3.RELEASE\lettuce-core-6.1.3.RELEASE.jar;D:\workspace\RepMaven\io\netty\netty-common\4.1.65.Final\netty-common-4.1.65.Final.jar;D:\workspace\RepMaven\io\netty\netty-handler\4.1.65.Final\netty-handler-4.1.65.Final.jar;D:\workspace\RepMaven\io\netty\netty-resolver\4.1.65.Final\netty-resolver-4.1.65.Final.jar;D:\workspace\RepMaven\io\netty\netty-buffer\4.1.65.Final\netty-buffer-4.1.65.Final.jar;D:\workspace\RepMaven\io\netty\netty-codec\4.1.65.Final\netty-codec-4.1.65.Final.jar;D:\workspace\RepMaven\io\netty\netty-transport\4.1.65.Final\netty-transport-4.1.65.Final.jar;D:\workspace\RepMaven\io\projectreactor\reactor-core\3.4.7\reactor-core-3.4.7.jar;D:\workspace\RepMaven\org\reactivestreams\reactive-streams\1.0.3\reactive-streams-1.0.3.jar;D:\workspace\RepMaven\org\springframework\boot\spring-boot-starter-jdbc\2.5.2\spring-boot-starter-jdbc-2.5.2.jar;D:\workspace\RepMaven\com\zaxxer\HikariCP\4.0.3\HikariCP-4.0.3.jar;D:\workspace\RepMaven\org\springframework\spring-jdbc\5.3.8\spring-jdbc-5.3.8.jar;D:\workspace\RepMaven\org\springframework\spring-beans\5.3.8\spring-beans-5.3.8.jar;D:\workspace\RepMaven\org\springframework\boot\spring-boot-starter-web\2.5.2\spring-boot-starter-web-2.5.2.jar;D:\workspace\RepMaven\org\springframework\boot\spring-boot-starter-json\2.5.2\spring-boot-starter-json-2.5.2.jar;D:\workspace\RepMaven\com\fasterxml\jackson\core\jackson-databind\2.12.3\jackson-databind-2.12.3.jar;D:\workspace\RepMaven\com\fasterxml\jackson\datatype\jackson-datatype-jdk8\2.12.3\jackson-datatype-jdk8-2.12.3.jar;D:\workspace\RepMaven\com\fasterxml\jackson\datatype\jackson-datatype-jsr310\2.12.3\jackson-datatype-jsr310-2.12.3.jar;D:\workspace\RepMaven\com\fasterxml\jackson\module\jackson-module-parameter-names\2.12.3\jackson-module-parameter-names-2.12.3.jar;D:\workspace\RepMaven\org\springframework\boot\spring-boot-starter-tomcat\2.5.2\spring-boot-starter-tomcat-2.5.2.jar;D:\workspace\RepMaven\org\apache\tomcat\embed\tomcat-embed-core\9.0.48\tomcat-embed-core-9.0.48.jar;D:\workspace\RepMaven\org\apache\tomcat\embed\tomcat-embed-el\9.0.48\tomcat-embed-el-9.0.48.jar;D:\workspace\RepMaven\org\apache\tomcat\embed\tomcat-embed-websocket\9.0.48\tomcat-embed-websocket-9.0.48.jar;D:\workspace\RepMaven\org\springframework\spring-web\5.3.8\spring-web-5.3.8.jar;D:\workspace\RepMaven\org\springframework\spring-webmvc\5.3.8\spring-webmvc-5.3.8.jar;D:\workspace\RepMaven\org\springframework\spring-context\5.3.8\spring-context-5.3.8.jar;D:\workspace\RepMaven\org\springframework\spring-expression\5.3.8\spring-expression-5.3.8.jar;D:\workspace\RepMaven\org\mybatis\spring\boot\mybatis-spring-boot-starter\2.2.0\mybatis-spring-boot-starter-2.2.0.jar;D:\workspace\RepMaven\org\mybatis\spring\boot\mybatis-spring-boot-autoconfigure\2.2.0\mybatis-spring-boot-autoconfigure-2.2.0.jar;D:\workspace\RepMaven\org\mybatis\mybatis\3.5.7\mybatis-3.5.7.jar;D:\workspace\RepMaven\org\mybatis\mybatis-spring\2.0.6\mybatis-spring-2.0.6.jar;D:\workspace\RepMaven\org\springframework\cloud\spring-cloud-starter-netflix-eureka-client\3.0.3\spring-cloud-starter-netflix-eureka-client-3.0.3.jar;D:\workspace\RepMaven\org\springframework\cloud\spring-cloud-starter\3.0.3\spring-cloud-starter-3.0.3.jar;D:\workspace\RepMaven\org\springframework\cloud\spring-cloud-context\3.0.3\spring-cloud-context-3.0.3.jar;D:\workspace\RepMaven\org\springframework\security\spring-security-crypto\5.5.1\spring-security-crypto-5.5.1.jar;D:\workspace\RepMaven\org\springframework\cloud\spring-cloud-commons\3.0.3\spring-cloud-commons-3.0.3.jar;D:\workspace\RepMaven\org\springframework\security\spring-security-rsa\1.0.10.RELEASE\spring-security-rsa-1.0.10.RELEASE.jar;D:\workspace\RepMaven\org\bouncycastle\bcpkix-jdk15on\1.68\bcpkix-jdk15on-1.68.jar;D:\workspace\RepMaven\org\bouncycastle\bcprov-jdk15on\1.68\bcprov-jdk15on-1.68.jar;D:\workspace\RepMaven\org\springframework\cloud\spring-cloud-netflix-eureka-client\3.0.3\spring-cloud-netflix-eureka-client-3.0.3.jar;D:\workspace\RepMaven\com\netflix\eureka\eureka-client\1.10.14\eureka-client-1.10.14.jar;D:\workspace\RepMaven\com\netflix\netflix-commons\netflix-eventbus\0.3.0\netflix-eventbus-0.3.0.jar;D:\workspace\RepMaven\com\netflix\netflix-commons\netflix-infix\0.3.0\netflix-infix-0.3.0.jar;D:\workspace\RepMaven\commons-jxpath\commons-jxpath\1.3\commons-jxpath-1.3.jar;D:\workspace\RepMaven\joda-time\joda-time\2.3\joda-time-2.3.jar;D:\workspace\RepMaven\org\antlr\antlr-runtime\3.4\antlr-runtime-3.4.jar;D:\workspace\RepMaven\org\antlr\stringtemplate\3.2.1\stringtemplate-3.2.1.jar;D:\workspace\RepMaven\antlr\antlr\2.7.7\antlr-2.7.7.jar;D:\workspace\RepMaven\com\google\code\gson\gson\2.8.7\gson-2.8.7.jar;D:\workspace\RepMaven\org\apache\commons\commons-math\2.2\commons-math-2.2.jar;D:\workspace\RepMaven\com\thoughtworks\xstream\xstream\1.4.16\xstream-1.4.16.jar;D:\workspace\RepMaven\io\github\x-stream\mxparser\1.2.1\mxparser-1.2.1.jar;D:\workspace\RepMaven\xmlpull\xmlpull\1.1.3.1\xmlpull-1.1.3.1.jar;D:\workspace\RepMaven\javax\ws\rs\jsr311-api\1.1.1\jsr311-api-1.1.1.jar;D:\workspace\RepMaven\com\netflix\servo\servo-core\0.12.21\servo-core-0.12.21.jar;D:\workspace\RepMaven\commons-configuration\commons-configuration\1.10\commons-configuration-1.10.jar;D:\workspace\RepMaven\com\google\inject\guice\4.1.0\guice-4.1.0.jar;D:\workspace\RepMaven\javax\inject\javax.inject\1\javax.inject-1.jar;D:\workspace\RepMaven\aopalliance\aopalliance\1.0\aopalliance-1.0.jar;D:\workspace\RepMaven\com\fasterxml\jackson\core\jackson-annotations\2.12.3\jackson-annotations-2.12.3.jar;D:\workspace\RepMaven\com\fasterxml\jackson\core\jackson-core\2.12.3\jackson-core-2.12.3.jar;D:\workspace\RepMaven\org\codehaus\jettison\jettison\1.4.0\jettison-1.4.0.jar;D:\workspace\RepMaven\com\netflix\eureka\eureka-core\1.10.14\eureka-core-1.10.14.jar;D:\workspace\RepMaven\com\fasterxml\woodstox\woodstox-core\6.2.1\woodstox-core-6.2.1.jar;D:\workspace\RepMaven\org\codehaus\woodstox\stax2-api\4.2.1\stax2-api-4.2.1.jar;D:\workspace\RepMaven\org\springframework\cloud\spring-cloud-starter-loadbalancer\3.0.3\spring-cloud-starter-loadbalancer-3.0.3.jar;D:\workspace\RepMaven\org\springframework\cloud\spring-cloud-loadbalancer\3.0.3\spring-cloud-loadbalancer-3.0.3.jar;D:\workspace\RepMaven\org\springframework\boot\spring-boot-starter-validation\2.5.2\spring-boot-starter-validation-2.5.2.jar;D:\workspace\RepMaven\org\hibernate\validator\hibernate-validator\6.2.0.Final\hibernate-validator-6.2.0.Final.jar;D:\workspace\RepMaven\jakarta\validation\jakarta.validation-api\2.0.2\jakarta.validation-api-2.0.2.jar;D:\workspace\RepMaven\org\jboss\logging\jboss-logging\3.4.2.Final\jboss-logging-3.4.2.Final.jar;D:\workspace\RepMaven\io\projectreactor\addons\reactor-extra\3.4.3\reactor-extra-3.4.3.jar;D:\workspace\RepMaven\org\springframework\boot\spring-boot-starter-cache\2.5.2\spring-boot-starter-cache-2.5.2.jar;D:\workspace\RepMaven\com\stoyanr\evictor\1.0.0\evictor-1.0.0.jar;D:\workspace\RepMaven\mysql\mysql-connector-java\8.0.25\mysql-connector-java-8.0.25.jar;D:\workspace\RepMaven\org\springframework\boot\spring-boot-starter-test\2.5.2\spring-boot-starter-test-2.5.2.jar;D:\workspace\RepMaven\org\springframework\boot\spring-boot-test\2.5.2\spring-boot-test-2.5.2.jar;D:\workspace\RepMaven\org\springframework\boot\spring-boot-test-autoconfigure\2.5.2\spring-boot-test-autoconfigure-2.5.2.jar;D:\workspace\RepMaven\com\jayway\jsonpath\json-path\2.5.0\json-path-2.5.0.jar;D:\workspace\RepMaven\net\minidev\json-smart\2.4.7\json-smart-2.4.7.jar;D:\workspace\RepMaven\net\minidev\accessors-smart\2.4.7\accessors-smart-2.4.7.jar;D:\workspace\RepMaven\org\ow2\asm\asm\9.1\asm-9.1.jar;D:\workspace\RepMaven\jakarta\xml\bind\jakarta.xml.bind-api\2.3.3\jakarta.xml.bind-api-2.3.3.jar;D:\workspace\RepMaven\jakarta\activation\jakarta.activation-api\1.2.2\jakarta.activation-api-1.2.2.jar;D:\workspace\RepMaven\org\assertj\assertj-core\3.19.0\assertj-core-3.19.0.jar;D:\workspace\RepMaven\org\hamcrest\hamcrest\2.2\hamcrest-2.2.jar;D:\workspace\RepMaven\org\junit\jupiter\junit-jupiter\5.7.2\junit-jupiter-5.7.2.jar;D:\workspace\RepMaven\org\junit\jupiter\junit-jupiter-api\5.7.2\junit-jupiter-api-5.7.2.jar;D:\workspace\RepMaven\org\apiguardian\apiguardian-api\1.1.0\apiguardian-api-1.1.0.jar;D:\workspace\RepMaven\org\opentest4j\opentest4j\1.2.0\opentest4j-1.2.0.jar;D:\workspace\RepMaven\org\junit\platform\junit-platform-commons\1.7.2\junit-platform-commons-1.7.2.jar;D:\workspace\RepMaven\org\junit\jupiter\junit-jupiter-params\5.7.2\junit-jupiter-params-5.7.2.jar;D:\workspace\RepMaven\org\junit\jupiter\junit-jupiter-engine\5.7.2\junit-jupiter-engine-5.7.2.jar;D:\workspace\RepMaven\org\junit\platform\junit-platform-engine\1.7.2\junit-platform-engine-1.7.2.jar;D:\workspace\RepMaven\org\mockito\mockito-core\3.9.0\mockito-core-3.9.0.jar;D:\workspace\RepMaven\net\bytebuddy\byte-buddy\1.10.22\byte-buddy-1.10.22.jar;D:\workspace\RepMaven\net\bytebuddy\byte-buddy-agent\1.10.22\byte-buddy-agent-1.10.22.jar;D:\workspace\RepMaven\org\objenesis\objenesis\3.2\objenesis-3.2.jar;D:\workspace\RepMaven\org\mockito\mockito-junit-jupiter\3.9.0\mockito-junit-jupiter-3.9.0.jar;D:\workspace\RepMaven\org\skyscreamer\jsonassert\1.5.0\jsonassert-1.5.0.jar;D:\workspace\RepMaven\com\vaadin\external\google\android-json\0.0.20131108.vaadin1\android-json-0.0.20131108.vaadin1.jar;D:\workspace\RepMaven\org\springframework\spring-core\5.3.8\spring-core-5.3.8.jar;D:\workspace\RepMaven\org\springframework\spring-jcl\5.3.8\spring-jcl-5.3.8.jar;D:\workspace\RepMaven\org\springframework\spring-test\5.3.8\spring-test-5.3.8.jar;D:\workspace\RepMaven\org\xmlunit\xmlunit-core\2.8.2\xmlunit-core-2.8.2.jar;D:\workspace\RepMaven\com\jmu\uacs\uacs-common\0.0.1-SNAPSHOT\uacs-common-0.0.1-SNAPSHOT.jar;D:\workspace\RepMaven\org\projectlombok\lombok\1.18.20\lombok-1.18.20.jar;D:\workspace\RepMaven\com\alibaba\druid\1.1.12\druid-1.1.12.jar;D:\workspace\RepMaven\io\springfox\springfox-swagger2\2.9.2\springfox-swagger2-2.9.2.jar;D:\workspace\RepMaven\io\swagger\swagger-annotations\1.5.20\swagger-annotations-1.5.20.jar;D:\workspace\RepMaven\io\swagger\swagger-models\1.5.20\swagger-models-1.5.20.jar;D:\workspace\RepMaven\io\springfox\springfox-spi\2.9.2\springfox-spi-2.9.2.jar;D:\workspace\RepMaven\io\springfox\springfox-core\2.9.2\springfox-core-2.9.2.jar;D:\workspace\RepMaven\io\springfox\springfox-schema\2.9.2\springfox-schema-2.9.2.jar;D:\workspace\RepMaven\io\springfox\springfox-swagger-common\2.9.2\springfox-swagger-common-2.9.2.jar;D:\workspace\RepMaven\io\springfox\springfox-spring-web\2.9.2\springfox-spring-web-2.9.2.jar;D:\workspace\RepMaven\com\google\guava\guava\20.0\guava-20.0.jar;D:\workspace\RepMaven\com\fasterxml\classmate\1.5.1\classmate-1.5.1.jar;D:\workspace\RepMaven\org\springframework\plugin\spring-plugin-core\1.2.0.RELEASE\spring-plugin-core-1.2.0.RELEASE.jar;D:\workspace\RepMaven\org\springframework\plugin\spring-plugin-metadata\1.2.0.RELEASE\spring-plugin-metadata-1.2.0.RELEASE.jar;D:\workspace\RepMaven\org\mapstruct\mapstruct\1.2.0.Final\mapstruct-1.2.0.Final.jar;D:\workspace\RepMaven\io\springfox\springfox-swagger-ui\2.9.2\springfox-swagger-ui-2.9.2.jar;D:\workspace\RepMaven\com\alibaba\fastjson\1.2.15\fastjson-1.2.15.jar;D:\workspace\RepMaven\org\apache\httpcomponents\httpclient\4.5.13\httpclient-4.5.13.jar;D:\workspace\RepMaven\commons-codec\commons-codec\1.15\commons-codec-1.15.jar;D:\workspace\RepMaven\org\apache\httpcomponents\httpcore\4.4.14\httpcore-4.4.14.jar;D:\workspace\RepMaven\commons-lang\commons-lang\2.6\commons-lang-2.6.jar;D:\workspace\RepMaven\org\eclipse\jetty\jetty-util\9.4.42.v20210604\jetty-util-9.4.42.v20210604.jar;D:\workspace\RepMaven\junit\junit\4.13.2\junit-4.13.2.jar;D:\workspace\RepMaven\org\hamcrest\hamcrest-core\2.2\hamcrest-core-2.2.jar;D:\workspace\RepMaven\org\mybatis\generator\mybatis-generator-core\1.3.5\mybatis-generator-core-1.3.5.jar;"/>
    <property name="sun.cpu.endian" value="little"/>
    <property name="user.home" value="C:\Users\1"/>
    <property name="user.language" value="zh"/>
    <property name="java.specification.vendor" value="Oracle Corporation"/>
    <property name="java.home" value="D:\workspace\jdk\jdk1.8.0_141\jre"/>
    <property name="basedir" value="D:\workspace\mySrc\workspace_IDEA\uacs\uacs-parent\uacs-user"/>
    <property name="file.separator" value="\"/>
    <property name="line.separator" value="&#10;"/>
    <property name="java.vm.specification.vendor" value="Oracle Corporation"/>
    <property name="java.specification.name" value="Java Platform API Specification"/>
    <property name="java.awt.graphicsenv" value="sun.awt.Win32GraphicsEnvironment"/>
    <property name="surefire.real.class.path" value="C:\Users\1\AppData\Local\Temp\surefire5549173310893907461\surefirebooter5327440569964107492.jar"/>
    <property name="sun.boot.class.path" value="D:\workspace\jdk\jdk1.8.0_141\jre\lib\resources.jar;D:\workspace\jdk\jdk1.8.0_141\jre\lib\rt.jar;D:\workspace\jdk\jdk1.8.0_141\jre\lib\sunrsasign.jar;D:\workspace\jdk\jdk1.8.0_141\jre\lib\jsse.jar;D:\workspace\jdk\jdk1.8.0_141\jre\lib\jce.jar;D:\workspace\jdk\jdk1.8.0_141\jre\lib\charsets.jar;D:\workspace\jdk\jdk1.8.0_141\jre\lib\jfr.jar;D:\workspace\jdk\jdk1.8.0_141\jre\classes"/>
    <property name="user.script" value=""/>
    <property name="sun.management.compiler" value="HotSpot 64-Bit Tiered Compilers"/>
    <property name="java.runtime.version" value="1.8.0_141-b15"/>
    <property name="user.name" value="1"/>
    <property name="path.separator" value=";"/>
    <property name="os.version" value="10.0"/>
    <property name="java.endorsed.dirs" value="D:\workspace\jdk\jdk1.8.0_141\jre\lib\endorsed"/>
    <property name="java.runtime.name" value="Java(TM) SE Runtime Environment"/>
    <property name="file.encoding" value="GBK"/>
    <property name="java.vm.name" value="Java HotSpot(TM) 64-Bit Server VM"/>
    <property name="localRepository" value="D:\workspace\RepMaven"/>
    <property name="java.vendor.url.bug" value="http://bugreport.sun.com/bugreport/"/>
    <property name="java.io.tmpdir" value="C:\Users\1\AppData\Local\Temp\"/>
    <property name="java.version" value="1.8.0_141"/>
    <property name="user.dir" value="D:\workspace\mySrc\workspace_IDEA\uacs\uacs-parent\uacs-user"/>
    <property name="os.arch" value="amd64"/>
    <property name="java.vm.specification.name" value="Java Virtual Machine Specification"/>
    <property name="java.awt.printerjob" value="sun.awt.windows.WPrinterJob"/>
    <property name="sun.os.patch.level" value=""/>
    <property name="idea.version2019.3.4" value="true"/>
    <property name="java.library.path" value="D:\workspace\jdk\jdk1.8.0_141\jre\bin;C:\WINDOWS\Sun\Java\bin;C:\WINDOWS\system32;C:\WINDOWS;D:\workspace\Server\apache-maven-3.5.0\bin;D:\WorkSpace\jdk\jdk1.8.0_141\bin;C:\WINDOWS\system32;C:\WINDOWS;C:\WINDOWS\System32\Wbem;C:\WINDOWS\System32\WindowsPowerShell\v1.0\;C:\WINDOWS\System32\OpenSSH\;D:\WorkSpace\jdk\jdk1.8.0_141\bin;D:\workspace\tools\mysql\mysql5.5\bin;D:\workspace\tools\git\Git\cmd;D:\software\editor\Notepad++;;D:\workspace\tools\VSCode\bin;D:\workspace\tools\NodeJS\;C:\Users\1\AppData\Local\Yarn\bin;D:\workspace\tools\scala\scala_2.13.6\bin;D:\workspace\tools\hadoop\\hadoop-2.10.1;D:\workspace\tools\Tortoise\svn\1.14.1.29085-x64\bin;D:\download\python\window_3.9.7\Scripts\;D:\download\python\window_3.9.7\;C:\Users\1\AppData\Local\Microsoft\WindowsApps;C:\Users\1\AppData\Roaming\npm;."/>
    <property name="java.vm.info" value="mixed mode"/>
    <property name="java.vendor" value="Oracle Corporation"/>
    <property name="java.vm.version" value="25.141-b15"/>
    <property name="java.ext.dirs" value="D:\workspace\jdk\jdk1.8.0_141\jre\lib\ext;C:\WINDOWS\Sun\Java\lib\ext"/>
    <property name="sun.io.unicode.encoding" value="UnicodeLittle"/>
    <property name="maven.repo.local" value="D:\workspace\RepMaven"/>
    <property name="java.class.version" value="52.0"/>
  </properties>
  <testcase name="test01" classname="com.jmu.uacs.UacsUserApplicationTests" time="0.592"/>
</testsuite>