<?xml version="1.0" encoding="UTF-8"?>
<testsuite xmlns:xsi="http://www.w3.org/2001/XMLSchema-instance" xsi:noNamespaceSchemaLocation="https://maven.apache.org/surefire/maven-surefire-plugin/xsd/surefire-test-report.xsd" name="com.jmu.uacs.UacsBulletinApplicationTests" time="5.843" tests="1" errors="1" skipped="0" failures="0">
  <properties>
    <property name="sun.desktop" value="windows"/>
    <property name="awt.toolkit" value="sun.awt.windows.WToolkit"/>
    <property name="file.encoding.pkg" value="sun.io"/>
    <property name="java.specification.version" value="1.8"/>
    <property name="sun.cpu.isalist" value="amd64"/>
    <property name="sun.jnu.encoding" value="GBK"/>
    <property name="java.class.path" value="D:\workspace\mySrc\workspace_IDEA\uacs\uacs-parent\uacs-bulletin\target\test-classes;D:\workspace\mySrc\workspace_IDEA\uacs\uacs-parent\uacs-bulletin\target\classes;D:\workspace\RepMaven\org\springframework\boot\spring-boot-starter-data-redis\2.5.2\spring-boot-starter-data-redis-2.5.2.jar;D:\workspace\RepMaven\org\springframework\boot\spring-boot-starter\2.5.2\spring-boot-starter-2.5.2.jar;D:\workspace\RepMaven\org\springframework\boot\spring-boot\2.5.2\spring-boot-2.5.2.jar;D:\workspace\RepMaven\org\springframework\boot\spring-boot-autoconfigure\2.5.2\spring-boot-autoconfigure-2.5.2.jar;D:\workspace\RepMaven\org\springframework\boot\spring-boot-starter-logging\2.5.2\spring-boot-starter-logging-2.5.2.jar;D:\workspace\RepMaven\ch\qos\logback\logback-classic\1.2.3\logback-classic-1.2.3.jar;D:\workspace\RepMaven\ch\qos\logback\logback-core\1.2.3\logback-core-1.2.3.jar;D:\workspace\RepMaven\org\apache\logging\log4j\log4j-to-slf4j\2.14.1\log4j-to-slf4j-2.14.1.jar;D:\workspace\RepMaven\org\apache\logging\log4j\log4j-api\2.14.1\log4j-api-2.14.1.jar;D:\workspace\RepMaven\org\slf4j\jul-to-slf4j\1.7.31\jul-to-slf4j-1.7.31.jar;D:\workspace\RepMaven\jakarta\annotation\jakarta.annotation-api\1.3.5\jakarta.annotation-api-1.3.5.jar;D:\workspace\RepMaven\org\yaml\snakeyaml\1.28\snakeyaml-1.28.jar;D:\workspace\RepMaven\org\springframework\data\spring-data-redis\2.5.2\spring-data-redis-2.5.2.jar;D:\workspace\RepMaven\org\springframework\data\spring-data-keyvalue\2.5.2\spring-data-keyvalue-2.5.2.jar;D:\workspace\RepMaven\org\springframework\data\spring-data-commons\2.5.2\spring-data-commons-2.5.2.jar;D:\workspace\RepMaven\org\springframework\spring-tx\5.3.8\spring-tx-5.3.8.jar;D:\workspace\RepMaven\org\springframework\spring-oxm\5.3.8\spring-oxm-5.3.8.jar;D:\workspace\RepMaven\org\springframework\spring-aop\5.3.8\spring-aop-5.3.8.jar;D:\workspace\RepMaven\org\springframework\spring-context-support\5.3.8\spring-context-support-5.3.8.jar;D:\workspace\RepMaven\org\slf4j\slf4j-api\1.7.31\slf4j-api-1.7.31.jar;D:\workspace\RepMaven\io\lettuce\lettuce-core\6.1.3.RELEASE\lettuce-core-6.1.3.RELEASE.jar;D:\workspace\RepMaven\io\netty\netty-common\4.1.65.Final\netty-common-4.1.65.Final.jar;D:\workspace\RepMaven\io\netty\netty-handler\4.1.65.Final\netty-handler-4.1.65.Final.jar;D:\workspace\RepMaven\io\netty\netty-resolver\4.1.65.Final\netty-resolver-4.1.65.Final.jar;D:\workspace\RepMaven\io\netty\netty-buffer\4.1.65.Final\netty-buffer-4.1.65.Final.jar;D:\workspace\RepMaven\io\netty\netty-codec\4.1.65.Final\netty-codec-4.1.65.Final.jar;D:\workspace\RepMaven\io\netty\netty-transport\4.1.65.Final\netty-transport-4.1.65.Final.jar;D:\workspace\RepMaven\io\projectreactor\reactor-core\3.4.7\reactor-core-3.4.7.jar;D:\workspace\RepMaven\org\reactivestreams\reactive-streams\1.0.3\reactive-streams-1.0.3.jar;D:\workspace\RepMaven\org\springframework\boot\spring-boot-starter-jdbc\2.5.2\spring-boot-starter-jdbc-2.5.2.jar;D:\workspace\RepMaven\com\zaxxer\HikariCP\4.0.3\HikariCP-4.0.3.jar;D:\workspace\RepMaven\org\springframework\spring-jdbc\5.3.8\spring-jdbc-5.3.8.jar;D:\workspace\RepMaven\org\springframework\spring-beans\5.3.8\spring-beans-5.3.8.jar;D:\workspace\RepMaven\org\springframework\boot\spring-boot-starter-web\2.5.2\spring-boot-starter-web-2.5.2.jar;D:\workspace\RepMaven\org\springframework\boot\spring-boot-starter-json\2.5.2\spring-boot-starter-json-2.5.2.jar;D:\workspace\RepMaven\com\fasterxml\jackson\core\jackson-databind\2.12.3\jackson-databind-2.12.3.jar;D:\workspace\RepMaven\com\fasterxml\jackson\datatype\jackson-datatype-jdk8\2.12.3\jackson-datatype-jdk8-2.12.3.jar;D:\workspace\RepMaven\com\fasterxml\jackson\datatype\jackson-datatype-jsr310\2.12.3\jackson-datatype-jsr310-2.12.3.jar;D:\workspace\RepMaven\com\fasterxml\jackson\module\jackson-module-parameter-names\2.12.3\jackson-module-parameter-names-2.12.3.jar;D:\workspace\RepMaven\org\springframework\boot\spring-boot-starter-tomcat\2.5.2\spring-boot-starter-tomcat-2.5.2.jar;D:\workspace\RepMaven\org\apache\tomcat\embed\tomcat-embed-core\9.0.48\tomcat-embed-core-9.0.48.jar;D:\workspace\RepMaven\org\apache\tomcat\embed\tomcat-embed-el\9.0.48\tomcat-embed-el-9.0.48.jar;D:\workspace\RepMaven\org\apache\tomcat\embed\tomcat-embed-websocket\9.0.48\tomcat-embed-websocket-9.0.48.jar;D:\workspace\RepMaven\org\springframework\spring-web\5.3.8\spring-web-5.3.8.jar;D:\workspace\RepMaven\org\springframework\spring-webmvc\5.3.8\spring-webmvc-5.3.8.jar;D:\workspace\RepMaven\org\springframework\spring-context\5.3.8\spring-context-5.3.8.jar;D:\workspace\RepMaven\org\springframework\spring-expression\5.3.8\spring-expression-5.3.8.jar;D:\workspace\RepMaven\org\mybatis\spring\boot\mybatis-spring-boot-starter\2.2.0\mybatis-spring-boot-starter-2.2.0.jar;D:\workspace\RepMaven\org\mybatis\spring\boot\mybatis-spring-boot-autoconfigure\2.2.0\mybatis-spring-boot-autoconfigure-2.2.0.jar;D:\workspace\RepMaven\org\mybatis\mybatis\3.5.7\mybatis-3.5.7.jar;D:\workspace\RepMaven\org\mybatis\mybatis-spring\2.0.6\mybatis-spring-2.0.6.jar;D:\workspace\RepMaven\org\springframework\cloud\spring-cloud-starter-netflix-eureka-client\3.0.3\spring-cloud-starter-netflix-eureka-client-3.0.3.jar;D:\workspace\RepMaven\org\springframework\cloud\spring-cloud-starter\3.0.3\spring-cloud-starter-3.0.3.jar;D:\workspace\RepMaven\org\springframework\cloud\spring-cloud-context\3.0.3\spring-cloud-context-3.0.3.jar;D:\workspace\RepMaven\org\springframework\security\spring-security-crypto\5.5.1\spring-security-crypto-5.5.1.jar;D:\workspace\RepMaven\org\springframework\cloud\spring-cloud-commons\3.0.3\spring-cloud-commons-3.0.3.jar;D:\workspace\RepMaven\org\springframework\security\spring-security-rsa\1.0.10.RELEASE\spring-security-rsa-1.0.10.RELEASE.jar;D:\workspace\RepMaven\org\bouncycastle\bcpkix-jdk15on\1.68\bcpkix-jdk15on-1.68.jar;D:\workspace\RepMaven\org\bouncycastle\bcprov-jdk15on\1.68\bcprov-jdk15on-1.68.jar;D:\workspace\RepMaven\org\springframework\cloud\spring-cloud-netflix-eureka-client\3.0.3\spring-cloud-netflix-eureka-client-3.0.3.jar;D:\workspace\RepMaven\com\netflix\eureka\eureka-client\1.10.14\eureka-client-1.10.14.jar;D:\workspace\RepMaven\com\netflix\netflix-commons\netflix-eventbus\0.3.0\netflix-eventbus-0.3.0.jar;D:\workspace\RepMaven\com\netflix\netflix-commons\netflix-infix\0.3.0\netflix-infix-0.3.0.jar;D:\workspace\RepMaven\commons-jxpath\commons-jxpath\1.3\commons-jxpath-1.3.jar;D:\workspace\RepMaven\joda-time\joda-time\2.3\joda-time-2.3.jar;D:\workspace\RepMaven\org\antlr\antlr-runtime\3.4\antlr-runtime-3.4.jar;D:\workspace\RepMaven\org\antlr\stringtemplate\3.2.1\stringtemplate-3.2.1.jar;D:\workspace\RepMaven\antlr\antlr\2.7.7\antlr-2.7.7.jar;D:\workspace\RepMaven\com\google\code\gson\gson\2.8.7\gson-2.8.7.jar;D:\workspace\RepMaven\org\apache\commons\commons-math\2.2\commons-math-2.2.jar;D:\workspace\RepMaven\com\thoughtworks\xstream\xstream\1.4.16\xstream-1.4.16.jar;D:\workspace\RepMaven\io\github\x-stream\mxparser\1.2.1\mxparser-1.2.1.jar;D:\workspace\RepMaven\xmlpull\xmlpull\1.1.3.1\xmlpull-1.1.3.1.jar;D:\workspace\RepMaven\javax\ws\rs\jsr311-api\1.1.1\jsr311-api-1.1.1.jar;D:\workspace\RepMaven\com\netflix\servo\servo-core\0.12.21\servo-core-0.12.21.jar;D:\workspace\RepMaven\commons-configuration\commons-configuration\1.10\commons-configuration-1.10.jar;D:\workspace\RepMaven\com\google\inject\guice\4.1.0\guice-4.1.0.jar;D:\workspace\RepMaven\javax\inject\javax.inject\1\javax.inject-1.jar;D:\workspace\RepMaven\aopalliance\aopalliance\1.0\aopalliance-1.0.jar;D:\workspace\RepMaven\com\fasterxml\jackson\core\jackson-annotations\2.12.3\jackson-annotations-2.12.3.jar;D:\workspace\RepMaven\com\fasterxml\jackson\core\jackson-core\2.12.3\jackson-core-2.12.3.jar;D:\workspace\RepMaven\org\codehaus\jettison\jettison\1.4.0\jettison-1.4.0.jar;D:\workspace\RepMaven\com\netflix\eureka\eureka-core\1.10.14\eureka-core-1.10.14.jar;D:\workspace\RepMaven\com\fasterxml\woodstox\woodstox-core\6.2.1\woodstox-core-6.2.1.jar;D:\workspace\RepMaven\org\codehaus\woodstox\stax2-api\4.2.1\stax2-api-4.2.1.jar;D:\workspace\RepMaven\org\springframework\cloud\spring-cloud-starter-loadbalancer\3.0.3\spring-cloud-starter-loadbalancer-3.0.3.jar;D:\workspace\RepMaven\org\springframework\cloud\spring-cloud-loadbalancer\3.0.3\spring-cloud-loadbalancer-3.0.3.jar;D:\workspace\RepMaven\org\springframework\boot\spring-boot-starter-validation\2.5.2\spring-boot-starter-validation-2.5.2.jar;D:\workspace\RepMaven\org\hibernate\validator\hibernate-validator\6.2.0.Final\hibernate-validator-6.2.0.Final.jar;D:\workspace\RepMaven\jakarta\validation\jakarta.validation-api\2.0.2\jakarta.validation-api-2.0.2.jar;D:\workspace\RepMaven\org\jboss\logging\jboss-logging\3.4.2.Final\jboss-logging-3.4.2.Final.jar;D:\workspace\RepMaven\io\projectreactor\addons\reactor-extra\3.4.3\reactor-extra-3.4.3.jar;D:\workspace\RepMaven\org\springframework\boot\spring-boot-starter-cache\2.5.2\spring-boot-starter-cache-2.5.2.jar;D:\workspace\RepMaven\com\stoyanr\evictor\1.0.0\evictor-1.0.0.jar;D:\workspace\RepMaven\mysql\mysql-connector-java\8.0.25\mysql-connector-java-8.0.25.jar;D:\workspace\RepMaven\org\springframework\boot\spring-boot-starter-test\2.5.2\spring-boot-starter-test-2.5.2.jar;D:\workspace\RepMaven\org\springframework\boot\spring-boot-test\2.5.2\spring-boot-test-2.5.2.jar;D:\workspace\RepMaven\org\springframework\boot\spring-boot-test-autoconfigure\2.5.2\spring-boot-test-autoconfigure-2.5.2.jar;D:\workspace\RepMaven\com\jayway\jsonpath\json-path\2.5.0\json-path-2.5.0.jar;D:\workspace\RepMaven\net\minidev\json-smart\2.4.7\json-smart-2.4.7.jar;D:\workspace\RepMaven\net\minidev\accessors-smart\2.4.7\accessors-smart-2.4.7.jar;D:\workspace\RepMaven\org\ow2\asm\asm\9.1\asm-9.1.jar;D:\workspace\RepMaven\jakarta\xml\bind\jakarta.xml.bind-api\2.3.3\jakarta.xml.bind-api-2.3.3.jar;D:\workspace\RepMaven\jakarta\activation\jakarta.activation-api\1.2.2\jakarta.activation-api-1.2.2.jar;D:\workspace\RepMaven\org\assertj\assertj-core\3.19.0\assertj-core-3.19.0.jar;D:\workspace\RepMaven\org\hamcrest\hamcrest\2.2\hamcrest-2.2.jar;D:\workspace\RepMaven\org\junit\jupiter\junit-jupiter\5.7.2\junit-jupiter-5.7.2.jar;D:\workspace\RepMaven\org\junit\jupiter\junit-jupiter-api\5.7.2\junit-jupiter-api-5.7.2.jar;D:\workspace\RepMaven\org\apiguardian\apiguardian-api\1.1.0\apiguardian-api-1.1.0.jar;D:\workspace\RepMaven\org\opentest4j\opentest4j\1.2.0\opentest4j-1.2.0.jar;D:\workspace\RepMaven\org\junit\platform\junit-platform-commons\1.7.2\junit-platform-commons-1.7.2.jar;D:\workspace\RepMaven\org\junit\jupiter\junit-jupiter-params\5.7.2\junit-jupiter-params-5.7.2.jar;D:\workspace\RepMaven\org\junit\jupiter\junit-jupiter-engine\5.7.2\junit-jupiter-engine-5.7.2.jar;D:\workspace\RepMaven\org\junit\platform\junit-platform-engine\1.7.2\junit-platform-engine-1.7.2.jar;D:\workspace\RepMaven\org\mockito\mockito-core\3.9.0\mockito-core-3.9.0.jar;D:\workspace\RepMaven\net\bytebuddy\byte-buddy\1.10.22\byte-buddy-1.10.22.jar;D:\workspace\RepMaven\net\bytebuddy\byte-buddy-agent\1.10.22\byte-buddy-agent-1.10.22.jar;D:\workspace\RepMaven\org\objenesis\objenesis\3.2\objenesis-3.2.jar;D:\workspace\RepMaven\org\mockito\mockito-junit-jupiter\3.9.0\mockito-junit-jupiter-3.9.0.jar;D:\workspace\RepMaven\org\skyscreamer\jsonassert\1.5.0\jsonassert-1.5.0.jar;D:\workspace\RepMaven\com\vaadin\external\google\android-json\0.0.20131108.vaadin1\android-json-0.0.20131108.vaadin1.jar;D:\workspace\RepMaven\org\springframework\spring-core\5.3.8\spring-core-5.3.8.jar;D:\workspace\RepMaven\org\springframework\spring-jcl\5.3.8\spring-jcl-5.3.8.jar;D:\workspace\RepMaven\org\springframework\spring-test\5.3.8\spring-test-5.3.8.jar;D:\workspace\RepMaven\org\xmlunit\xmlunit-core\2.8.2\xmlunit-core-2.8.2.jar;D:\workspace\mySrc\workspace_IDEA\uacs\uacs-parent\uacs-common\target\uacs-common-0.0.1-SNAPSHOT.jar;D:\workspace\RepMaven\org\projectlombok\lombok\1.18.20\lombok-1.18.20.jar;D:\workspace\RepMaven\com\alibaba\druid\1.1.12\druid-1.1.12.jar;D:\workspace\RepMaven\io\springfox\springfox-swagger2\2.9.2\springfox-swagger2-2.9.2.jar;D:\workspace\RepMaven\io\swagger\swagger-annotations\1.5.20\swagger-annotations-1.5.20.jar;D:\workspace\RepMaven\io\swagger\swagger-models\1.5.20\swagger-models-1.5.20.jar;D:\workspace\RepMaven\io\springfox\springfox-spi\2.9.2\springfox-spi-2.9.2.jar;D:\workspace\RepMaven\io\springfox\springfox-core\2.9.2\springfox-core-2.9.2.jar;D:\workspace\RepMaven\io\springfox\springfox-schema\2.9.2\springfox-schema-2.9.2.jar;D:\workspace\RepMaven\io\springfox\springfox-swagger-common\2.9.2\springfox-swagger-common-2.9.2.jar;D:\workspace\RepMaven\io\springfox\springfox-spring-web\2.9.2\springfox-spring-web-2.9.2.jar;D:\workspace\RepMaven\com\google\guava\guava\20.0\guava-20.0.jar;D:\workspace\RepMaven\com\fasterxml\classmate\1.5.1\classmate-1.5.1.jar;D:\workspace\RepMaven\org\springframework\plugin\spring-plugin-core\1.2.0.RELEASE\spring-plugin-core-1.2.0.RELEASE.jar;D:\workspace\RepMaven\org\springframework\plugin\spring-plugin-metadata\1.2.0.RELEASE\spring-plugin-metadata-1.2.0.RELEASE.jar;D:\workspace\RepMaven\org\mapstruct\mapstruct\1.2.0.Final\mapstruct-1.2.0.Final.jar;D:\workspace\RepMaven\io\springfox\springfox-swagger-ui\2.9.2\springfox-swagger-ui-2.9.2.jar;D:\workspace\RepMaven\com\alibaba\fastjson\1.2.15\fastjson-1.2.15.jar;D:\workspace\RepMaven\org\apache\httpcomponents\httpclient\4.5.13\httpclient-4.5.13.jar;D:\workspace\RepMaven\commons-codec\commons-codec\1.15\commons-codec-1.15.jar;D:\workspace\RepMaven\org\apache\httpcomponents\httpcore\4.4.14\httpcore-4.4.14.jar;D:\workspace\RepMaven\commons-lang\commons-lang\2.6\commons-lang-2.6.jar;D:\workspace\RepMaven\org\eclipse\jetty\jetty-util\9.4.42.v20210604\jetty-util-9.4.42.v20210604.jar;D:\workspace\RepMaven\junit\junit\4.13.2\junit-4.13.2.jar;D:\workspace\RepMaven\org\hamcrest\hamcrest-core\2.2\hamcrest-core-2.2.jar;D:\workspace\RepMaven\org\mybatis\generator\mybatis-generator-core\1.3.5\mybatis-generator-core-1.3.5.jar;"/>
    <property name="java.vm.vendor" value="Oracle Corporation"/>
    <property name="sun.arch.data.model" value="64"/>
    <property name="user.variant" value=""/>
    <property name="java.vendor.url" value="http://java.oracle.com/"/>
    <property name="user.timezone" value="Asia/Shanghai"/>
    <property name="java.vm.specification.version" value="1.8"/>
    <property name="os.name" value="Windows 10"/>
    <property name="user.country" value="CN"/>
    <property name="sun.java.launcher" value="SUN_STANDARD"/>
    <property name="sun.boot.library.path" value="D:\workspace\jdk\jdk1.8.0_141\jre\bin"/>
    <property name="sun.java.command" value="C:\Users\1\AppData\Local\Temp\surefire8082740900538996071\surefirebooter3574357765279809594.jar C:\Users\1\AppData\Local\Temp\surefire8082740900538996071 2021-10-17T11-40-42_177-jvmRun1 surefire5963966039397104911tmp surefire_15434578271269882151tmp"/>
    <property name="surefire.test.class.path" value="D:\workspace\mySrc\workspace_IDEA\uacs\uacs-parent\uacs-bulletin\target\test-classes;D:\workspace\mySrc\workspace_IDEA\uacs\uacs-parent\uacs-bulletin\target\classes;D:\workspace\RepMaven\org\springframework\boot\spring-boot-starter-data-redis\2.5.2\spring-boot-starter-data-redis-2.5.2.jar;D:\workspace\RepMaven\org\springframework\boot\spring-boot-starter\2.5.2\spring-boot-starter-2.5.2.jar;D:\workspace\RepMaven\org\springframework\boot\spring-boot\2.5.2\spring-boot-2.5.2.jar;D:\workspace\RepMaven\org\springframework\boot\spring-boot-autoconfigure\2.5.2\spring-boot-autoconfigure-2.5.2.jar;D:\workspace\RepMaven\org\springframework\boot\spring-boot-starter-logging\2.5.2\spring-boot-starter-logging-2.5.2.jar;D:\workspace\RepMaven\ch\qos\logback\logback-classic\1.2.3\logback-classic-1.2.3.jar;D:\workspace\RepMaven\ch\qos\logback\logback-core\1.2.3\logback-core-1.2.3.jar;D:\workspace\RepMaven\org\apache\logging\log4j\log4j-to-slf4j\2.14.1\log4j-to-slf4j-2.14.1.jar;D:\workspace\RepMaven\org\apache\logging\log4j\log4j-api\2.14.1\log4j-api-2.14.1.jar;D:\workspace\RepMaven\org\slf4j\jul-to-slf4j\1.7.31\jul-to-slf4j-1.7.31.jar;D:\workspace\RepMaven\jakarta\annotation\jakarta.annotation-api\1.3.5\jakarta.annotation-api-1.3.5.jar;D:\workspace\RepMaven\org\yaml\snakeyaml\1.28\snakeyaml-1.28.jar;D:\workspace\RepMaven\org\springframework\data\spring-data-redis\2.5.2\spring-data-redis-2.5.2.jar;D:\workspace\RepMaven\org\springframework\data\spring-data-keyvalue\2.5.2\spring-data-keyvalue-2.5.2.jar;D:\workspace\RepMaven\org\springframework\data\spring-data-commons\2.5.2\spring-data-commons-2.5.2.jar;D:\workspace\RepMaven\org\springframework\spring-tx\5.3.8\spring-tx-5.3.8.jar;D:\workspace\RepMaven\org\springframework\spring-oxm\5.3.8\spring-oxm-5.3.8.jar;D:\workspace\RepMaven\org\springframework\spring-aop\5.3.8\spring-aop-5.3.8.jar;D:\workspace\RepMaven\org\springframework\spring-context-support\5.3.8\spring-context-support-5.3.8.jar;D:\workspace\RepMaven\org\slf4j\slf4j-api\1.7.31\slf4j-api-1.7.31.jar;D:\workspace\RepMaven\io\lettuce\lettuce-core\6.1.3.RELEASE\lettuce-core-6.1.3.RELEASE.jar;D:\workspace\RepMaven\io\netty\netty-common\4.1.65.Final\netty-common-4.1.65.Final.jar;D:\workspace\RepMaven\io\netty\netty-handler\4.1.65.Final\netty-handler-4.1.65.Final.jar;D:\workspace\RepMaven\io\netty\netty-resolver\4.1.65.Final\netty-resolver-4.1.65.Final.jar;D:\workspace\RepMaven\io\netty\netty-buffer\4.1.65.Final\netty-buffer-4.1.65.Final.jar;D:\workspace\RepMaven\io\netty\netty-codec\4.1.65.Final\netty-codec-4.1.65.Final.jar;D:\workspace\RepMaven\io\netty\netty-transport\4.1.65.Final\netty-transport-4.1.65.Final.jar;D:\workspace\RepMaven\io\projectreactor\reactor-core\3.4.7\reactor-core-3.4.7.jar;D:\workspace\RepMaven\org\reactivestreams\reactive-streams\1.0.3\reactive-streams-1.0.3.jar;D:\workspace\RepMaven\org\springframework\boot\spring-boot-starter-jdbc\2.5.2\spring-boot-starter-jdbc-2.5.2.jar;D:\workspace\RepMaven\com\zaxxer\HikariCP\4.0.3\HikariCP-4.0.3.jar;D:\workspace\RepMaven\org\springframework\spring-jdbc\5.3.8\spring-jdbc-5.3.8.jar;D:\workspace\RepMaven\org\springframework\spring-beans\5.3.8\spring-beans-5.3.8.jar;D:\workspace\RepMaven\org\springframework\boot\spring-boot-starter-web\2.5.2\spring-boot-starter-web-2.5.2.jar;D:\workspace\RepMaven\org\springframework\boot\spring-boot-starter-json\2.5.2\spring-boot-starter-json-2.5.2.jar;D:\workspace\RepMaven\com\fasterxml\jackson\core\jackson-databind\2.12.3\jackson-databind-2.12.3.jar;D:\workspace\RepMaven\com\fasterxml\jackson\datatype\jackson-datatype-jdk8\2.12.3\jackson-datatype-jdk8-2.12.3.jar;D:\workspace\RepMaven\com\fasterxml\jackson\datatype\jackson-datatype-jsr310\2.12.3\jackson-datatype-jsr310-2.12.3.jar;D:\workspace\RepMaven\com\fasterxml\jackson\module\jackson-module-parameter-names\2.12.3\jackson-module-parameter-names-2.12.3.jar;D:\workspace\RepMaven\org\springframework\boot\spring-boot-starter-tomcat\2.5.2\spring-boot-starter-tomcat-2.5.2.jar;D:\workspace\RepMaven\org\apache\tomcat\embed\tomcat-embed-core\9.0.48\tomcat-embed-core-9.0.48.jar;D:\workspace\RepMaven\org\apache\tomcat\embed\tomcat-embed-el\9.0.48\tomcat-embed-el-9.0.48.jar;D:\workspace\RepMaven\org\apache\tomcat\embed\tomcat-embed-websocket\9.0.48\tomcat-embed-websocket-9.0.48.jar;D:\workspace\RepMaven\org\springframework\spring-web\5.3.8\spring-web-5.3.8.jar;D:\workspace\RepMaven\org\springframework\spring-webmvc\5.3.8\spring-webmvc-5.3.8.jar;D:\workspace\RepMaven\org\springframework\spring-context\5.3.8\spring-context-5.3.8.jar;D:\workspace\RepMaven\org\springframework\spring-expression\5.3.8\spring-expression-5.3.8.jar;D:\workspace\RepMaven\org\mybatis\spring\boot\mybatis-spring-boot-starter\2.2.0\mybatis-spring-boot-starter-2.2.0.jar;D:\workspace\RepMaven\org\mybatis\spring\boot\mybatis-spring-boot-autoconfigure\2.2.0\mybatis-spring-boot-autoconfigure-2.2.0.jar;D:\workspace\RepMaven\org\mybatis\mybatis\3.5.7\mybatis-3.5.7.jar;D:\workspace\RepMaven\org\mybatis\mybatis-spring\2.0.6\mybatis-spring-2.0.6.jar;D:\workspace\RepMaven\org\springframework\cloud\spring-cloud-starter-netflix-eureka-client\3.0.3\spring-cloud-starter-netflix-eureka-client-3.0.3.jar;D:\workspace\RepMaven\org\springframework\cloud\spring-cloud-starter\3.0.3\spring-cloud-starter-3.0.3.jar;D:\workspace\RepMaven\org\springframework\cloud\spring-cloud-context\3.0.3\spring-cloud-context-3.0.3.jar;D:\workspace\RepMaven\org\springframework\security\spring-security-crypto\5.5.1\spring-security-crypto-5.5.1.jar;D:\workspace\RepMaven\org\springframework\cloud\spring-cloud-commons\3.0.3\spring-cloud-commons-3.0.3.jar;D:\workspace\RepMaven\org\springframework\security\spring-security-rsa\1.0.10.RELEASE\spring-security-rsa-1.0.10.RELEASE.jar;D:\workspace\RepMaven\org\bouncycastle\bcpkix-jdk15on\1.68\bcpkix-jdk15on-1.68.jar;D:\workspace\RepMaven\org\bouncycastle\bcprov-jdk15on\1.68\bcprov-jdk15on-1.68.jar;D:\workspace\RepMaven\org\springframework\cloud\spring-cloud-netflix-eureka-client\3.0.3\spring-cloud-netflix-eureka-client-3.0.3.jar;D:\workspace\RepMaven\com\netflix\eureka\eureka-client\1.10.14\eureka-client-1.10.14.jar;D:\workspace\RepMaven\com\netflix\netflix-commons\netflix-eventbus\0.3.0\netflix-eventbus-0.3.0.jar;D:\workspace\RepMaven\com\netflix\netflix-commons\netflix-infix\0.3.0\netflix-infix-0.3.0.jar;D:\workspace\RepMaven\commons-jxpath\commons-jxpath\1.3\commons-jxpath-1.3.jar;D:\workspace\RepMaven\joda-time\joda-time\2.3\joda-time-2.3.jar;D:\workspace\RepMaven\org\antlr\antlr-runtime\3.4\antlr-runtime-3.4.jar;D:\workspace\RepMaven\org\antlr\stringtemplate\3.2.1\stringtemplate-3.2.1.jar;D:\workspace\RepMaven\antlr\antlr\2.7.7\antlr-2.7.7.jar;D:\workspace\RepMaven\com\google\code\gson\gson\2.8.7\gson-2.8.7.jar;D:\workspace\RepMaven\org\apache\commons\commons-math\2.2\commons-math-2.2.jar;D:\workspace\RepMaven\com\thoughtworks\xstream\xstream\1.4.16\xstream-1.4.16.jar;D:\workspace\RepMaven\io\github\x-stream\mxparser\1.2.1\mxparser-1.2.1.jar;D:\workspace\RepMaven\xmlpull\xmlpull\1.1.3.1\xmlpull-1.1.3.1.jar;D:\workspace\RepMaven\javax\ws\rs\jsr311-api\1.1.1\jsr311-api-1.1.1.jar;D:\workspace\RepMaven\com\netflix\servo\servo-core\0.12.21\servo-core-0.12.21.jar;D:\workspace\RepMaven\commons-configuration\commons-configuration\1.10\commons-configuration-1.10.jar;D:\workspace\RepMaven\com\google\inject\guice\4.1.0\guice-4.1.0.jar;D:\workspace\RepMaven\javax\inject\javax.inject\1\javax.inject-1.jar;D:\workspace\RepMaven\aopalliance\aopalliance\1.0\aopalliance-1.0.jar;D:\workspace\RepMaven\com\fasterxml\jackson\core\jackson-annotations\2.12.3\jackson-annotations-2.12.3.jar;D:\workspace\RepMaven\com\fasterxml\jackson\core\jackson-core\2.12.3\jackson-core-2.12.3.jar;D:\workspace\RepMaven\org\codehaus\jettison\jettison\1.4.0\jettison-1.4.0.jar;D:\workspace\RepMaven\com\netflix\eureka\eureka-core\1.10.14\eureka-core-1.10.14.jar;D:\workspace\RepMaven\com\fasterxml\woodstox\woodstox-core\6.2.1\woodstox-core-6.2.1.jar;D:\workspace\RepMaven\org\codehaus\woodstox\stax2-api\4.2.1\stax2-api-4.2.1.jar;D:\workspace\RepMaven\org\springframework\cloud\spring-cloud-starter-loadbalancer\3.0.3\spring-cloud-starter-loadbalancer-3.0.3.jar;D:\workspace\RepMaven\org\springframework\cloud\spring-cloud-loadbalancer\3.0.3\spring-cloud-loadbalancer-3.0.3.jar;D:\workspace\RepMaven\org\springframework\boot\spring-boot-starter-validation\2.5.2\spring-boot-starter-validation-2.5.2.jar;D:\workspace\RepMaven\org\hibernate\validator\hibernate-validator\6.2.0.Final\hibernate-validator-6.2.0.Final.jar;D:\workspace\RepMaven\jakarta\validation\jakarta.validation-api\2.0.2\jakarta.validation-api-2.0.2.jar;D:\workspace\RepMaven\org\jboss\logging\jboss-logging\3.4.2.Final\jboss-logging-3.4.2.Final.jar;D:\workspace\RepMaven\io\projectreactor\addons\reactor-extra\3.4.3\reactor-extra-3.4.3.jar;D:\workspace\RepMaven\org\springframework\boot\spring-boot-starter-cache\2.5.2\spring-boot-starter-cache-2.5.2.jar;D:\workspace\RepMaven\com\stoyanr\evictor\1.0.0\evictor-1.0.0.jar;D:\workspace\RepMaven\mysql\mysql-connector-java\8.0.25\mysql-connector-java-8.0.25.jar;D:\workspace\RepMaven\org\springframework\boot\spring-boot-starter-test\2.5.2\spring-boot-starter-test-2.5.2.jar;D:\workspace\RepMaven\org\springframework\boot\spring-boot-test\2.5.2\spring-boot-test-2.5.2.jar;D:\workspace\RepMaven\org\springframework\boot\spring-boot-test-autoconfigure\2.5.2\spring-boot-test-autoconfigure-2.5.2.jar;D:\workspace\RepMaven\com\jayway\jsonpath\json-path\2.5.0\json-path-2.5.0.jar;D:\workspace\RepMaven\net\minidev\json-smart\2.4.7\json-smart-2.4.7.jar;D:\workspace\RepMaven\net\minidev\accessors-smart\2.4.7\accessors-smart-2.4.7.jar;D:\workspace\RepMaven\org\ow2\asm\asm\9.1\asm-9.1.jar;D:\workspace\RepMaven\jakarta\xml\bind\jakarta.xml.bind-api\2.3.3\jakarta.xml.bind-api-2.3.3.jar;D:\workspace\RepMaven\jakarta\activation\jakarta.activation-api\1.2.2\jakarta.activation-api-1.2.2.jar;D:\workspace\RepMaven\org\assertj\assertj-core\3.19.0\assertj-core-3.19.0.jar;D:\workspace\RepMaven\org\hamcrest\hamcrest\2.2\hamcrest-2.2.jar;D:\workspace\RepMaven\org\junit\jupiter\junit-jupiter\5.7.2\junit-jupiter-5.7.2.jar;D:\workspace\RepMaven\org\junit\jupiter\junit-jupiter-api\5.7.2\junit-jupiter-api-5.7.2.jar;D:\workspace\RepMaven\org\apiguardian\apiguardian-api\1.1.0\apiguardian-api-1.1.0.jar;D:\workspace\RepMaven\org\opentest4j\opentest4j\1.2.0\opentest4j-1.2.0.jar;D:\workspace\RepMaven\org\junit\platform\junit-platform-commons\1.7.2\junit-platform-commons-1.7.2.jar;D:\workspace\RepMaven\org\junit\jupiter\junit-jupiter-params\5.7.2\junit-jupiter-params-5.7.2.jar;D:\workspace\RepMaven\org\junit\jupiter\junit-jupiter-engine\5.7.2\junit-jupiter-engine-5.7.2.jar;D:\workspace\RepMaven\org\junit\platform\junit-platform-engine\1.7.2\junit-platform-engine-1.7.2.jar;D:\workspace\RepMaven\org\mockito\mockito-core\3.9.0\mockito-core-3.9.0.jar;D:\workspace\RepMaven\net\bytebuddy\byte-buddy\1.10.22\byte-buddy-1.10.22.jar;D:\workspace\RepMaven\net\bytebuddy\byte-buddy-agent\1.10.22\byte-buddy-agent-1.10.22.jar;D:\workspace\RepMaven\org\objenesis\objenesis\3.2\objenesis-3.2.jar;D:\workspace\RepMaven\org\mockito\mockito-junit-jupiter\3.9.0\mockito-junit-jupiter-3.9.0.jar;D:\workspace\RepMaven\org\skyscreamer\jsonassert\1.5.0\jsonassert-1.5.0.jar;D:\workspace\RepMaven\com\vaadin\external\google\android-json\0.0.20131108.vaadin1\android-json-0.0.20131108.vaadin1.jar;D:\workspace\RepMaven\org\springframework\spring-core\5.3.8\spring-core-5.3.8.jar;D:\workspace\RepMaven\org\springframework\spring-jcl\5.3.8\spring-jcl-5.3.8.jar;D:\workspace\RepMaven\org\springframework\spring-test\5.3.8\spring-test-5.3.8.jar;D:\workspace\RepMaven\org\xmlunit\xmlunit-core\2.8.2\xmlunit-core-2.8.2.jar;D:\workspace\mySrc\workspace_IDEA\uacs\uacs-parent\uacs-common\target\uacs-common-0.0.1-SNAPSHOT.jar;D:\workspace\RepMaven\org\projectlombok\lombok\1.18.20\lombok-1.18.20.jar;D:\workspace\RepMaven\com\alibaba\druid\1.1.12\druid-1.1.12.jar;D:\workspace\RepMaven\io\springfox\springfox-swagger2\2.9.2\springfox-swagger2-2.9.2.jar;D:\workspace\RepMaven\io\swagger\swagger-annotations\1.5.20\swagger-annotations-1.5.20.jar;D:\workspace\RepMaven\io\swagger\swagger-models\1.5.20\swagger-models-1.5.20.jar;D:\workspace\RepMaven\io\springfox\springfox-spi\2.9.2\springfox-spi-2.9.2.jar;D:\workspace\RepMaven\io\springfox\springfox-core\2.9.2\springfox-core-2.9.2.jar;D:\workspace\RepMaven\io\springfox\springfox-schema\2.9.2\springfox-schema-2.9.2.jar;D:\workspace\RepMaven\io\springfox\springfox-swagger-common\2.9.2\springfox-swagger-common-2.9.2.jar;D:\workspace\RepMaven\io\springfox\springfox-spring-web\2.9.2\springfox-spring-web-2.9.2.jar;D:\workspace\RepMaven\com\google\guava\guava\20.0\guava-20.0.jar;D:\workspace\RepMaven\com\fasterxml\classmate\1.5.1\classmate-1.5.1.jar;D:\workspace\RepMaven\org\springframework\plugin\spring-plugin-core\1.2.0.RELEASE\spring-plugin-core-1.2.0.RELEASE.jar;D:\workspace\RepMaven\org\springframework\plugin\spring-plugin-metadata\1.2.0.RELEASE\spring-plugin-metadata-1.2.0.RELEASE.jar;D:\workspace\RepMaven\org\mapstruct\mapstruct\1.2.0.Final\mapstruct-1.2.0.Final.jar;D:\workspace\RepMaven\io\springfox\springfox-swagger-ui\2.9.2\springfox-swagger-ui-2.9.2.jar;D:\workspace\RepMaven\com\alibaba\fastjson\1.2.15\fastjson-1.2.15.jar;D:\workspace\RepMaven\org\apache\httpcomponents\httpclient\4.5.13\httpclient-4.5.13.jar;D:\workspace\RepMaven\commons-codec\commons-codec\1.15\commons-codec-1.15.jar;D:\workspace\RepMaven\org\apache\httpcomponents\httpcore\4.4.14\httpcore-4.4.14.jar;D:\workspace\RepMaven\commons-lang\commons-lang\2.6\commons-lang-2.6.jar;D:\workspace\RepMaven\org\eclipse\jetty\jetty-util\9.4.42.v20210604\jetty-util-9.4.42.v20210604.jar;D:\workspace\RepMaven\junit\junit\4.13.2\junit-4.13.2.jar;D:\workspace\RepMaven\org\hamcrest\hamcrest-core\2.2\hamcrest-core-2.2.jar;D:\workspace\RepMaven\org\mybatis\generator\mybatis-generator-core\1.3.5\mybatis-generator-core-1.3.5.jar;"/>
    <property name="sun.cpu.endian" value="little"/>
    <property name="user.home" value="C:\Users\1"/>
    <property name="user.language" value="zh"/>
    <property name="java.specification.vendor" value="Oracle Corporation"/>
    <property name="java.home" value="D:\workspace\jdk\jdk1.8.0_141\jre"/>
    <property name="basedir" value="D:\workspace\mySrc\workspace_IDEA\uacs\uacs-parent\uacs-bulletin"/>
    <property name="file.separator" value="\"/>
    <property name="line.separator" value="&#10;"/>
    <property name="java.vm.specification.vendor" value="Oracle Corporation"/>
    <property name="java.specification.name" value="Java Platform API Specification"/>
    <property name="java.awt.graphicsenv" value="sun.awt.Win32GraphicsEnvironment"/>
    <property name="surefire.real.class.path" value="C:\Users\1\AppData\Local\Temp\surefire8082740900538996071\surefirebooter3574357765279809594.jar"/>
    <property name="sun.boot.class.path" value="D:\workspace\jdk\jdk1.8.0_141\jre\lib\resources.jar;D:\workspace\jdk\jdk1.8.0_141\jre\lib\rt.jar;D:\workspace\jdk\jdk1.8.0_141\jre\lib\sunrsasign.jar;D:\workspace\jdk\jdk1.8.0_141\jre\lib\jsse.jar;D:\workspace\jdk\jdk1.8.0_141\jre\lib\jce.jar;D:\workspace\jdk\jdk1.8.0_141\jre\lib\charsets.jar;D:\workspace\jdk\jdk1.8.0_141\jre\lib\jfr.jar;D:\workspace\jdk\jdk1.8.0_141\jre\classes"/>
    <property name="user.script" value=""/>
    <property name="sun.management.compiler" value="HotSpot 64-Bit Tiered Compilers"/>
    <property name="java.runtime.version" value="1.8.0_141-b15"/>
    <property name="user.name" value="1"/>
    <property name="path.separator" value=";"/>
    <property name="os.version" value="10.0"/>
    <property name="java.endorsed.dirs" value="D:\workspace\jdk\jdk1.8.0_141\jre\lib\endorsed"/>
    <property name="java.runtime.name" value="Java(TM) SE Runtime Environment"/>
    <property name="file.encoding" value="GBK"/>
    <property name="java.vm.name" value="Java HotSpot(TM) 64-Bit Server VM"/>
    <property name="localRepository" value="D:\workspace\RepMaven"/>
    <property name="java.vendor.url.bug" value="http://bugreport.sun.com/bugreport/"/>
    <property name="java.io.tmpdir" value="C:\Users\1\AppData\Local\Temp\"/>
    <property name="idea.version" value="2021.2.2"/>
    <property name="java.version" value="1.8.0_141"/>
    <property name="user.dir" value="D:\workspace\mySrc\workspace_IDEA\uacs\uacs-parent\uacs-bulletin"/>
    <property name="os.arch" value="amd64"/>
    <property name="java.vm.specification.name" value="Java Virtual Machine Specification"/>
    <property name="java.awt.printerjob" value="sun.awt.windows.WPrinterJob"/>
    <property name="sun.os.patch.level" value=""/>
    <property name="java.library.path" value="D:\workspace\jdk\jdk1.8.0_141\jre\bin;C:\WINDOWS\Sun\Java\bin;C:\WINDOWS\system32;C:\WINDOWS;MAVEN_HOME;D:\workspace\Server\apache-maven-3.8.2\bin;D:\WorkSpace\jdk\jdk1.8.0_141\bin;C:\WINDOWS\system32;C:\WINDOWS;C:\WINDOWS\System32\Wbem;C:\WINDOWS\System32\WindowsPowerShell\v1.0\;C:\WINDOWS\System32\OpenSSH\;D:\WorkSpace\jdk\jdk1.8.0_141\bin;D:\workspace\tools\mysql\mysql5.5\bin;D:\workspace\tools\git\Git\cmd;D:\software\editor\Notepad++;;D:\workspace\tools\VSCode\bin;D:\workspace\tools\NodeJS\;C:\Users\1\AppData\Local\Yarn\bin;D:\workspace\tools\scala\scala_2.13.6\bin;D:\workspace\tools\hadoop\\hadoop-2.10.1;D:\workspace\tools\Tortoise\svn\1.14.1.29085-x64\bin;D:\workspace\tools\TortoiseGit\bin;D:\download\python\window_3.9.7\Scripts\;D:\download\python\window_3.9.7\;C:\Users\1\AppData\Local\Microsoft\WindowsApps;C:\Users\1\AppData\Roaming\npm;D:\software\tools\openVpn\bin;."/>
    <property name="java.vm.info" value="mixed mode"/>
    <property name="java.vendor" value="Oracle Corporation"/>
    <property name="java.vm.version" value="25.141-b15"/>
    <property name="java.ext.dirs" value="D:\workspace\jdk\jdk1.8.0_141\jre\lib\ext;C:\WINDOWS\Sun\Java\lib\ext"/>
    <property name="sun.io.unicode.encoding" value="UnicodeLittle"/>
    <property name="maven.repo.local" value="D:\workspace\RepMaven"/>
    <property name="java.class.version" value="52.0"/>
  </properties>
  <testcase name="contextLoads" classname="com.jmu.uacs.UacsBulletinApplicationTests" time="0.013">
    <error message="Failed to load ApplicationContext" type="java.lang.IllegalStateException">java.lang.IllegalStateException: Failed to load ApplicationContext
Caused by: org.springframework.beans.factory.BeanCreationException: Error creating bean with name 'dataSource' defined in class path resource [org/springframework/boot/autoconfigure/jdbc/DataSourceConfiguration$Hikari.class]: Bean instantiation via factory method failed; nested exception is org.springframework.beans.BeanInstantiationException: Failed to instantiate [com.zaxxer.hikari.HikariDataSource]: Factory method 'dataSource' threw exception; nested exception is org.springframework.boot.autoconfigure.jdbc.DataSourceProperties$DataSourceBeanCreationException: Failed to determine a suitable driver class
Caused by: org.springframework.beans.BeanInstantiationException: Failed to instantiate [com.zaxxer.hikari.HikariDataSource]: Factory method 'dataSource' threw exception; nested exception is org.springframework.boot.autoconfigure.jdbc.DataSourceProperties$DataSourceBeanCreationException: Failed to determine a suitable driver class
Caused by: org.springframework.boot.autoconfigure.jdbc.DataSourceProperties$DataSourceBeanCreationException: Failed to determine a suitable driver class
</error>
    <system-out><![CDATA[11:41:10.570 [main] DEBUG org.springframework.test.context.BootstrapUtils - Instantiating CacheAwareContextLoaderDelegate from class [org.springframework.test.context.cache.DefaultCacheAwareContextLoaderDelegate]
11:41:10.588 [main] DEBUG org.springframework.test.context.BootstrapUtils - Instantiating BootstrapContext using constructor [public org.springframework.test.context.support.DefaultBootstrapContext(java.lang.Class,org.springframework.test.context.CacheAwareContextLoaderDelegate)]
11:41:10.639 [main] DEBUG org.springframework.test.context.BootstrapUtils - Instantiating TestContextBootstrapper for test class [com.jmu.uacs.UacsBulletinApplicationTests] from class [org.springframework.boot.test.context.SpringBootTestContextBootstrapper]
11:41:10.662 [main] INFO org.springframework.boot.test.context.SpringBootTestContextBootstrapper - Neither @ContextConfiguration nor @ContextHierarchy found for test class [com.jmu.uacs.UacsBulletinApplicationTests], using SpringBootContextLoader
11:41:10.669 [main] DEBUG org.springframework.test.context.support.AbstractContextLoader - Did not detect default resource location for test class [com.jmu.uacs.UacsBulletinApplicationTests]: class path resource [com/jmu/uacs/UacsBulletinApplicationTests-context.xml] does not exist
11:41:10.669 [main] DEBUG org.springframework.test.context.support.AbstractContextLoader - Did not detect default resource location for test class [com.jmu.uacs.UacsBulletinApplicationTests]: class path resource [com/jmu/uacs/UacsBulletinApplicationTestsContext.groovy] does not exist
11:41:10.669 [main] INFO org.springframework.test.context.support.AbstractContextLoader - Could not detect default resource locations for test class [com.jmu.uacs.UacsBulletinApplicationTests]: no resource found for suffixes {-context.xml, Context.groovy}.
11:41:10.671 [main] INFO org.springframework.test.context.support.AnnotationConfigContextLoaderUtils - Could not detect default configuration classes for test class [com.jmu.uacs.UacsBulletinApplicationTests]: UacsBulletinApplicationTests does not declare any static, non-private, non-final, nested classes annotated with @Configuration.
11:41:10.761 [main] DEBUG org.springframework.test.context.support.ActiveProfilesUtils - Could not find an 'annotation declaring class' for annotation type [org.springframework.test.context.ActiveProfiles] and class [com.jmu.uacs.UacsBulletinApplicationTests]
11:41:10.865 [main] DEBUG org.springframework.context.annotation.ClassPathScanningCandidateComponentProvider - Identified candidate component class: file [D:\workspace\mySrc\workspace_IDEA\uacs\uacs-parent\uacs-bulletin\target\classes\com\jmu\uacs\UacsBulletinApplication.class]
11:41:10.868 [main] INFO org.springframework.boot.test.context.SpringBootTestContextBootstrapper - Found @SpringBootConfiguration com.jmu.uacs.UacsBulletinApplication for test class com.jmu.uacs.UacsBulletinApplicationTests
11:41:11.047 [main] DEBUG org.springframework.boot.test.context.SpringBootTestContextBootstrapper - @TestExecutionListeners is not present for class [com.jmu.uacs.UacsBulletinApplicationTests]: using defaults.
11:41:11.048 [main] INFO org.springframework.boot.test.context.SpringBootTestContextBootstrapper - Loaded default TestExecutionListener class names from location [META-INF/spring.factories]: [org.springframework.boot.test.mock.mockito.MockitoTestExecutionListener, org.springframework.boot.test.mock.mockito.ResetMocksTestExecutionListener, org.springframework.boot.test.autoconfigure.restdocs.RestDocsTestExecutionListener, org.springframework.boot.test.autoconfigure.web.client.MockRestServiceServerResetTestExecutionListener, org.springframework.boot.test.autoconfigure.web.servlet.MockMvcPrintOnlyOnFailureTestExecutionListener, org.springframework.boot.test.autoconfigure.web.servlet.WebDriverTestExecutionListener, org.springframework.boot.test.autoconfigure.webservices.client.MockWebServiceServerTestExecutionListener, org.springframework.test.context.web.ServletTestExecutionListener, org.springframework.test.context.support.DirtiesContextBeforeModesTestExecutionListener, org.springframework.test.context.event.ApplicationEventsTestExecutionListener, org.springframework.test.context.support.DependencyInjectionTestExecutionListener, org.springframework.test.context.support.DirtiesContextTestExecutionListener, org.springframework.test.context.transaction.TransactionalTestExecutionListener, org.springframework.test.context.jdbc.SqlScriptsTestExecutionListener, org.springframework.test.context.event.EventPublishingTestExecutionListener]
11:41:11.078 [main] INFO org.springframework.boot.test.context.SpringBootTestContextBootstrapper - Using TestExecutionListeners: [org.springframework.test.context.web.ServletTestExecutionListener@769a1df5, org.springframework.test.context.support.DirtiesContextBeforeModesTestExecutionListener@41f69e84, org.springframework.test.context.event.ApplicationEventsTestExecutionListener@7975d1d8, org.springframework.boot.test.mock.mockito.MockitoTestExecutionListener@2438dcd, org.springframework.boot.test.autoconfigure.SpringBootDependencyInjectionTestExecutionListener@24105dc5, org.springframework.test.context.support.DirtiesContextTestExecutionListener@5167f57d, org.springframework.test.context.transaction.TransactionalTestExecutionListener@64b0598, org.springframework.test.context.jdbc.SqlScriptsTestExecutionListener@18f8cd79, org.springframework.test.context.event.EventPublishingTestExecutionListener@3e2055d6, org.springframework.boot.test.mock.mockito.ResetMocksTestExecutionListener@50029372, org.springframework.boot.test.autoconfigure.restdocs.RestDocsTestExecutionListener@e3b3b2f, org.springframework.boot.test.autoconfigure.web.client.MockRestServiceServerResetTestExecutionListener@50f6ac94, org.springframework.boot.test.autoconfigure.web.servlet.MockMvcPrintOnlyOnFailureTestExecutionListener@6cc4cdb9, org.springframework.boot.test.autoconfigure.web.servlet.WebDriverTestExecutionListener@28194a50, org.springframework.boot.test.autoconfigure.webservices.client.MockWebServiceServerTestExecutionListener@7f2cfe3f]
11:41:11.084 [main] DEBUG org.springframework.test.context.support.AbstractDirtiesContextTestExecutionListener - Before test class: context [DefaultTestContext@68878f6d testClass = UacsBulletinApplicationTests, testInstance = [null], testMethod = [null], testException = [null], mergedContextConfiguration = [WebMergedContextConfiguration@41488b16 testClass = UacsBulletinApplicationTests, locations = '{}', classes = '{class com.jmu.uacs.UacsBulletinApplication}', contextInitializerClasses = '[]', activeProfiles = '{}', propertySourceLocations = '{}', propertySourceProperties = '{org.springframework.boot.test.context.SpringBootTestContextBootstrapper=true}', contextCustomizers = set[org.springframework.boot.test.context.filter.ExcludeFilterContextCustomizer@7c7b252e, org.springframework.boot.test.json.DuplicateJsonObjectContextCustomizerFactory$DuplicateJsonObjectContextCustomizer@4c583ecf, org.springframework.boot.test.mock.mockito.MockitoContextCustomizer@0, org.springframework.boot.test.web.client.TestRestTemplateContextCustomizer@5fe94a96, org.springframework.boot.test.autoconfigure.actuate.metrics.MetricsExportContextCustomizerFactory$DisableMetricExportContextCustomizer@5e0e82ae, org.springframework.boot.test.autoconfigure.properties.PropertyMappingContextCustomizer@0, org.springframework.boot.test.autoconfigure.web.servlet.WebDriverContextCustomizerFactory$Customizer@54d9d12d, org.springframework.boot.test.context.SpringBootTestArgs@1, org.springframework.boot.test.context.SpringBootTestWebEnvironment@617faa95], resourceBasePath = 'src/main/webapp', contextLoader = 'org.springframework.boot.test.context.SpringBootContextLoader', parent = [null]], attributes = map['org.springframework.test.context.web.ServletTestExecutionListener.activateListener' -> true]], class annotated with @DirtiesContext [false] with mode [null].
11:41:11.175 [main] DEBUG org.springframework.test.context.support.TestPropertySourceUtils - Adding inlined properties to environment: {spring.jmx.enabled=false, org.springframework.boot.test.context.SpringBootTestContextBootstrapper=true}

  .   ____          _            __ _ _
 /\\ / ___'_ __ _ _(_)_ __  __ _ \ \ \ \
( ( )\___ | '_ | '_| | '_ \/ _` | \ \ \ \
 \\/  ___)| |_)| | | | | || (_| |  ) ) ) )
  '  |____| .__|_| |_|_| |_\__, | / / / /
 =========|_|==============|___/=/_/_/_/
 :: Spring Boot ::                (v2.5.2)

2021-10-17 11:41:13.160  INFO 14776 --- [           main] c.jmu.uacs.UacsBulletinApplicationTests  : Starting UacsBulletinApplicationTests using Java 1.8.0_141 on DESKTOP-9M0OSCV with PID 14776 (started by 1 in D:\workspace\mySrc\workspace_IDEA\uacs\uacs-parent\uacs-bulletin)
2021-10-17 11:41:13.162  INFO 14776 --- [           main] c.jmu.uacs.UacsBulletinApplicationTests  : No active profile set, falling back to default profiles: default
2021-10-17 11:41:14.183  INFO 14776 --- [           main] .s.d.r.c.RepositoryConfigurationDelegate : Multiple Spring Data modules found, entering strict repository configuration mode!
2021-10-17 11:41:14.189  INFO 14776 --- [           main] .s.d.r.c.RepositoryConfigurationDelegate : Bootstrapping Spring Data Redis repositories in DEFAULT mode.
2021-10-17 11:41:14.232  INFO 14776 --- [           main] .s.d.r.c.RepositoryConfigurationDelegate : Finished Spring Data repository scanning in 18 ms. Found 0 Redis repository interfaces.
2021-10-17 11:41:14.568  WARN 14776 --- [           main] o.m.s.mapper.ClassPathMapperScanner      : No MyBatis mapper was found in '[com.jmu.uacs]' package. Please check your configuration.
2021-10-17 11:41:14.676  INFO 14776 --- [           main] o.s.cloud.context.scope.GenericScope     : BeanFactory id=960a2474-c279-3647-a1b9-455952a54668
2021-10-17 11:41:16.259  WARN 14776 --- [           main] o.s.w.c.s.GenericWebApplicationContext   : Exception encountered during context initialization - cancelling refresh attempt: org.springframework.beans.factory.BeanCreationException: Error creating bean with name 'dataSource' defined in class path resource [org/springframework/boot/autoconfigure/jdbc/DataSourceConfiguration$Hikari.class]: Bean instantiation via factory method failed; nested exception is org.springframework.beans.BeanInstantiationException: Failed to instantiate [com.zaxxer.hikari.HikariDataSource]: Factory method 'dataSource' threw exception; nested exception is org.springframework.boot.autoconfigure.jdbc.DataSourceProperties$DataSourceBeanCreationException: Failed to determine a suitable driver class
2021-10-17 11:41:16.276  INFO 14776 --- [           main] ConditionEvaluationReportLoggingListener : 

Error starting ApplicationContext. To display the conditions report re-run your application with 'debug' enabled.
2021-10-17 11:41:16.298 ERROR 14776 --- [           main] o.s.b.d.LoggingFailureAnalysisReporter   : 

***************************
APPLICATION FAILED TO START
***************************

Description:

Failed to configure a DataSource: 'url' attribute is not specified and no embedded datasource could be configured.

Reason: Failed to determine a suitable driver class


Action:

Consider the following:
	If you want an embedded database (H2, HSQL or Derby), please put it on the classpath.
	If you have database settings to be loaded from a particular profile you may need to activate it (no profiles are currently active).

2021-10-17 11:41:16.307 ERROR 14776 --- [           main] o.s.test.context.TestContextManager      : Caught exception while allowing TestExecutionListener [org.springframework.test.context.web.ServletTestExecutionListener@769a1df5] to prepare test instance [com.jmu.uacs.UacsBulletinApplicationTests@1984212d]

java.lang.IllegalStateException: Failed to load ApplicationContext
	at org.springframework.test.context.cache.DefaultCacheAwareContextLoaderDelegate.loadContext(DefaultCacheAwareContextLoaderDelegate.java:132) ~[spring-test-5.3.8.jar:5.3.8]
	at org.springframework.test.context.support.DefaultTestContext.getApplicationContext(DefaultTestContext.java:124) ~[spring-test-5.3.8.jar:5.3.8]
	at org.springframework.test.context.web.ServletTestExecutionListener.setUpRequestContextIfNecessary(ServletTestExecutionListener.java:190) ~[spring-test-5.3.8.jar:5.3.8]
	at org.springframework.test.context.web.ServletTestExecutionListener.prepareTestInstance(ServletTestExecutionListener.java:132) ~[spring-test-5.3.8.jar:5.3.8]
	at org.springframework.test.context.TestContextManager.prepareTestInstance(TestContextManager.java:244) ~[spring-test-5.3.8.jar:5.3.8]
	at org.springframework.test.context.junit.jupiter.SpringExtension.postProcessTestInstance(SpringExtension.java:138) [spring-test-5.3.8.jar:5.3.8]
	at org.junit.jupiter.engine.descriptor.ClassBasedTestDescriptor.lambda$invokeTestInstancePostProcessors$6(ClassBasedTestDescriptor.java:350) [junit-jupiter-engine-5.7.2.jar:5.7.2]
	at org.junit.jupiter.engine.descriptor.ClassBasedTestDescriptor.executeAndMaskThrowable(ClassBasedTestDescriptor.java:355) [junit-jupiter-engine-5.7.2.jar:5.7.2]
	at org.junit.jupiter.engine.descriptor.ClassBasedTestDescriptor.lambda$invokeTestInstancePostProcessors$7(ClassBasedTestDescriptor.java:350) [junit-jupiter-engine-5.7.2.jar:5.7.2]
	at java.util.stream.ReferencePipeline$3$1.accept(ReferencePipeline.java:193) ~[na:1.8.0_141]
	at java.util.stream.ReferencePipeline$2$1.accept(ReferencePipeline.java:175) ~[na:1.8.0_141]
	at java.util.ArrayList$ArrayListSpliterator.forEachRemaining(ArrayList.java:1374) ~[na:1.8.0_141]
	at java.util.stream.AbstractPipeline.copyInto(AbstractPipeline.java:481) ~[na:1.8.0_141]
	at java.util.stream.AbstractPipeline.wrapAndCopyInto(AbstractPipeline.java:471) ~[na:1.8.0_141]
	at java.util.stream.StreamSpliterators$WrappingSpliterator.forEachRemaining(StreamSpliterators.java:312) ~[na:1.8.0_141]
	at java.util.stream.Streams$ConcatSpliterator.forEachRemaining(Streams.java:743) ~[na:1.8.0_141]
	at java.util.stream.Streams$ConcatSpliterator.forEachRemaining(Streams.java:742) ~[na:1.8.0_141]
	at java.util.stream.ReferencePipeline$Head.forEach(ReferencePipeline.java:580) ~[na:1.8.0_141]
	at org.junit.jupiter.engine.descriptor.ClassBasedTestDescriptor.invokeTestInstancePostProcessors(ClassBasedTestDescriptor.java:349) [junit-jupiter-engine-5.7.2.jar:5.7.2]
	at org.junit.jupiter.engine.descriptor.ClassBasedTestDescriptor.lambda$instantiateAndPostProcessTestInstance$4(ClassBasedTestDescriptor.java:270) [junit-jupiter-engine-5.7.2.jar:5.7.2]
	at org.junit.platform.engine.support.hierarchical.ThrowableCollector.execute(ThrowableCollector.java:73) ~[junit-platform-engine-1.7.2.jar:1.7.2]
	at org.junit.jupiter.engine.descriptor.ClassBasedTestDescriptor.instantiateAndPostProcessTestInstance(ClassBasedTestDescriptor.java:269) [junit-jupiter-engine-5.7.2.jar:5.7.2]
	at org.junit.jupiter.engine.descriptor.ClassBasedTestDescriptor.lambda$testInstancesProvider$2(ClassBasedTestDescriptor.java:259) [junit-jupiter-engine-5.7.2.jar:5.7.2]
	at java.util.Optional.orElseGet(Optional.java:267) ~[na:1.8.0_141]
	at org.junit.jupiter.engine.descriptor.ClassBasedTestDescriptor.lambda$testInstancesProvider$3(ClassBasedTestDescriptor.java:258) [junit-jupiter-engine-5.7.2.jar:5.7.2]
	at org.junit.jupiter.engine.execution.TestInstancesProvider.getTestInstances(TestInstancesProvider.java:31) ~[junit-jupiter-engine-5.7.2.jar:5.7.2]
	at org.junit.jupiter.engine.descriptor.TestMethodTestDescriptor.lambda$prepare$0(TestMethodTestDescriptor.java:101) ~[junit-jupiter-engine-5.7.2.jar:5.7.2]
	at org.junit.platform.engine.support.hierarchical.ThrowableCollector.execute(ThrowableCollector.java:73) ~[junit-platform-engine-1.7.2.jar:1.7.2]
	at org.junit.jupiter.engine.descriptor.TestMethodTestDescriptor.prepare(TestMethodTestDescriptor.java:100) ~[junit-jupiter-engine-5.7.2.jar:5.7.2]
	at org.junit.jupiter.engine.descriptor.TestMethodTestDescriptor.prepare(TestMethodTestDescriptor.java:65) ~[junit-jupiter-engine-5.7.2.jar:5.7.2]
	at org.junit.platform.engine.support.hierarchical.NodeTestTask.lambda$prepare$1(NodeTestTask.java:111) ~[junit-platform-engine-1.7.2.jar:1.7.2]
	at org.junit.platform.engine.support.hierarchical.ThrowableCollector.execute(ThrowableCollector.java:73) ~[junit-platform-engine-1.7.2.jar:1.7.2]
	at org.junit.platform.engine.support.hierarchical.NodeTestTask.prepare(NodeTestTask.java:111) ~[junit-platform-engine-1.7.2.jar:1.7.2]
	at org.junit.platform.engine.support.hierarchical.NodeTestTask.execute(NodeTestTask.java:79) ~[junit-platform-engine-1.7.2.jar:1.7.2]
	at java.util.ArrayList.forEach(ArrayList.java:1249) ~[na:1.8.0_141]
	at org.junit.platform.engine.support.hierarchical.SameThreadHierarchicalTestExecutorService.invokeAll(SameThreadHierarchicalTestExecutorService.java:38) ~[junit-platform-engine-1.7.2.jar:1.7.2]
	at org.junit.platform.engine.support.hierarchical.NodeTestTask.lambda$executeRecursively$5(NodeTestTask.java:143) ~[junit-platform-engine-1.7.2.jar:1.7.2]
	at org.junit.platform.engine.support.hierarchical.ThrowableCollector.execute(ThrowableCollector.java:73) ~[junit-platform-engine-1.7.2.jar:1.7.2]
	at org.junit.platform.engine.support.hierarchical.NodeTestTask.lambda$executeRecursively$7(NodeTestTask.java:129) ~[junit-platform-engine-1.7.2.jar:1.7.2]
	at org.junit.platform.engine.support.hierarchical.Node.around(Node.java:137) ~[junit-platform-engine-1.7.2.jar:1.7.2]
	at org.junit.platform.engine.support.hierarchical.NodeTestTask.lambda$executeRecursively$8(NodeTestTask.java:127) ~[junit-platform-engine-1.7.2.jar:1.7.2]
	at org.junit.platform.engine.support.hierarchical.ThrowableCollector.execute(ThrowableCollector.java:73) ~[junit-platform-engine-1.7.2.jar:1.7.2]
	at org.junit.platform.engine.support.hierarchical.NodeTestTask.executeRecursively(NodeTestTask.java:126) ~[junit-platform-engine-1.7.2.jar:1.7.2]
	at org.junit.platform.engine.support.hierarchical.NodeTestTask.execute(NodeTestTask.java:84) ~[junit-platform-engine-1.7.2.jar:1.7.2]
	at java.util.ArrayList.forEach(ArrayList.java:1249) ~[na:1.8.0_141]
	at org.junit.platform.engine.support.hierarchical.SameThreadHierarchicalTestExecutorService.invokeAll(SameThreadHierarchicalTestExecutorService.java:38) ~[junit-platform-engine-1.7.2.jar:1.7.2]
	at org.junit.platform.engine.support.hierarchical.NodeTestTask.lambda$executeRecursively$5(NodeTestTask.java:143) ~[junit-platform-engine-1.7.2.jar:1.7.2]
	at org.junit.platform.engine.support.hierarchical.ThrowableCollector.execute(ThrowableCollector.java:73) ~[junit-platform-engine-1.7.2.jar:1.7.2]
	at org.junit.platform.engine.support.hierarchical.NodeTestTask.lambda$executeRecursively$7(NodeTestTask.java:129) ~[junit-platform-engine-1.7.2.jar:1.7.2]
	at org.junit.platform.engine.support.hierarchical.Node.around(Node.java:137) ~[junit-platform-engine-1.7.2.jar:1.7.2]
	at org.junit.platform.engine.support.hierarchical.NodeTestTask.lambda$executeRecursively$8(NodeTestTask.java:127) ~[junit-platform-engine-1.7.2.jar:1.7.2]
	at org.junit.platform.engine.support.hierarchical.ThrowableCollector.execute(ThrowableCollector.java:73) ~[junit-platform-engine-1.7.2.jar:1.7.2]
	at org.junit.platform.engine.support.hierarchical.NodeTestTask.executeRecursively(NodeTestTask.java:126) ~[junit-platform-engine-1.7.2.jar:1.7.2]
	at org.junit.platform.engine.support.hierarchical.NodeTestTask.execute(NodeTestTask.java:84) ~[junit-platform-engine-1.7.2.jar:1.7.2]
	at org.junit.platform.engine.support.hierarchical.SameThreadHierarchicalTestExecutorService.submit(SameThreadHierarchicalTestExecutorService.java:32) ~[junit-platform-engine-1.7.2.jar:1.7.2]
	at org.junit.platform.engine.support.hierarchical.HierarchicalTestExecutor.execute(HierarchicalTestExecutor.java:57) ~[junit-platform-engine-1.7.2.jar:1.7.2]
	at org.junit.platform.engine.support.hierarchical.HierarchicalTestEngine.execute(HierarchicalTestEngine.java:51) ~[junit-platform-engine-1.7.2.jar:1.7.2]
	at org.junit.platform.launcher.core.DefaultLauncher.execute(DefaultLauncher.java:220) ~[junit-platform-launcher-1.3.1.jar:1.3.1]
	at org.junit.platform.launcher.core.DefaultLauncher.lambda$execute$6(DefaultLauncher.java:188) ~[junit-platform-launcher-1.3.1.jar:1.3.1]
	at org.junit.platform.launcher.core.DefaultLauncher.withInterceptedStreams(DefaultLauncher.java:202) ~[junit-platform-launcher-1.3.1.jar:1.3.1]
	at org.junit.platform.launcher.core.DefaultLauncher.execute(DefaultLauncher.java:181) ~[junit-platform-launcher-1.3.1.jar:1.3.1]
	at org.junit.platform.launcher.core.DefaultLauncher.execute(DefaultLauncher.java:128) ~[junit-platform-launcher-1.3.1.jar:1.3.1]
	at org.apache.maven.surefire.junitplatform.JUnitPlatformProvider.invokeAllTests(JUnitPlatformProvider.java:150) ~[surefire-junit-platform-2.22.2.jar:2.22.2]
	at org.apache.maven.surefire.junitplatform.JUnitPlatformProvider.invoke(JUnitPlatformProvider.java:124) ~[surefire-junit-platform-2.22.2.jar:2.22.2]
	at org.apache.maven.surefire.booter.ForkedBooter.invokeProviderInSameClassLoader(ForkedBooter.java:384) ~[surefire-booter-2.22.2.jar:2.22.2]
	at org.apache.maven.surefire.booter.ForkedBooter.runSuitesInProcess(ForkedBooter.java:345) ~[surefire-booter-2.22.2.jar:2.22.2]
	at org.apache.maven.surefire.booter.ForkedBooter.execute(ForkedBooter.java:126) ~[surefire-booter-2.22.2.jar:2.22.2]
	at org.apache.maven.surefire.booter.ForkedBooter.main(ForkedBooter.java:418) ~[surefire-booter-2.22.2.jar:2.22.2]
Caused by: org.springframework.beans.factory.BeanCreationException: Error creating bean with name 'dataSource' defined in class path resource [org/springframework/boot/autoconfigure/jdbc/DataSourceConfiguration$Hikari.class]: Bean instantiation via factory method failed; nested exception is org.springframework.beans.BeanInstantiationException: Failed to instantiate [com.zaxxer.hikari.HikariDataSource]: Factory method 'dataSource' threw exception; nested exception is org.springframework.boot.autoconfigure.jdbc.DataSourceProperties$DataSourceBeanCreationException: Failed to determine a suitable driver class
	at org.springframework.beans.factory.support.ConstructorResolver.instantiate(ConstructorResolver.java:658) ~[spring-beans-5.3.8.jar:5.3.8]
	at org.springframework.beans.factory.support.ConstructorResolver.instantiateUsingFactoryMethod(ConstructorResolver.java:638) ~[spring-beans-5.3.8.jar:5.3.8]
	at org.springframework.beans.factory.support.AbstractAutowireCapableBeanFactory.instantiateUsingFactoryMethod(AbstractAutowireCapableBeanFactory.java:1334) ~[spring-beans-5.3.8.jar:5.3.8]
	at org.springframework.beans.factory.support.AbstractAutowireCapableBeanFactory.createBeanInstance(AbstractAutowireCapableBeanFactory.java:1177) ~[spring-beans-5.3.8.jar:5.3.8]
	at org.springframework.beans.factory.support.AbstractAutowireCapableBeanFactory.doCreateBean(AbstractAutowireCapableBeanFactory.java:564) ~[spring-beans-5.3.8.jar:5.3.8]
	at org.springframework.beans.factory.support.AbstractAutowireCapableBeanFactory.createBean(AbstractAutowireCapableBeanFactory.java:524) ~[spring-beans-5.3.8.jar:5.3.8]
	at org.springframework.beans.factory.support.AbstractBeanFactory.lambda$doGetBean$0(AbstractBeanFactory.java:335) ~[spring-beans-5.3.8.jar:5.3.8]
	at org.springframework.beans.factory.support.DefaultSingletonBeanRegistry.getSingleton(DefaultSingletonBeanRegistry.java:234) ~[spring-beans-5.3.8.jar:5.3.8]
	at org.springframework.beans.factory.support.AbstractBeanFactory.doGetBean(AbstractBeanFactory.java:333) ~[spring-beans-5.3.8.jar:5.3.8]
	at org.springframework.beans.factory.support.AbstractBeanFactory.getBean(AbstractBeanFactory.java:208) ~[spring-beans-5.3.8.jar:5.3.8]
	at org.springframework.beans.factory.support.DefaultListableBeanFactory.preInstantiateSingletons(DefaultListableBeanFactory.java:944) ~[spring-beans-5.3.8.jar:5.3.8]
	at org.springframework.context.support.AbstractApplicationContext.finishBeanFactoryInitialization(AbstractApplicationContext.java:918) ~[spring-context-5.3.8.jar:5.3.8]
	at org.springframework.context.support.AbstractApplicationContext.refresh(AbstractApplicationContext.java:583) ~[spring-context-5.3.8.jar:5.3.8]
	at org.springframework.boot.SpringApplication.refresh(SpringApplication.java:754) ~[spring-boot-2.5.2.jar:2.5.2]
	at org.springframework.boot.SpringApplication.refreshContext(SpringApplication.java:434) ~[spring-boot-2.5.2.jar:2.5.2]
	at org.springframework.boot.SpringApplication.run(SpringApplication.java:338) ~[spring-boot-2.5.2.jar:2.5.2]
	at org.springframework.boot.test.context.SpringBootContextLoader.loadContext(SpringBootContextLoader.java:123) ~[spring-boot-test-2.5.2.jar:2.5.2]
	at org.springframework.test.context.cache.DefaultCacheAwareContextLoaderDelegate.loadContextInternal(DefaultCacheAwareContextLoaderDelegate.java:99) ~[spring-test-5.3.8.jar:5.3.8]
	at org.springframework.test.context.cache.DefaultCacheAwareContextLoaderDelegate.loadContext(DefaultCacheAwareContextLoaderDelegate.java:124) ~[spring-test-5.3.8.jar:5.3.8]
	... 67 common frames omitted
Caused by: org.springframework.beans.BeanInstantiationException: Failed to instantiate [com.zaxxer.hikari.HikariDataSource]: Factory method 'dataSource' threw exception; nested exception is org.springframework.boot.autoconfigure.jdbc.DataSourceProperties$DataSourceBeanCreationException: Failed to determine a suitable driver class
	at org.springframework.beans.factory.support.SimpleInstantiationStrategy.instantiate(SimpleInstantiationStrategy.java:185) ~[spring-beans-5.3.8.jar:5.3.8]
	at org.springframework.beans.factory.support.ConstructorResolver.instantiate(ConstructorResolver.java:653) ~[spring-beans-5.3.8.jar:5.3.8]
	... 85 common frames omitted
Caused by: org.springframework.boot.autoconfigure.jdbc.DataSourceProperties$DataSourceBeanCreationException: Failed to determine a suitable driver class
	at org.springframework.boot.autoconfigure.jdbc.DataSourceProperties.determineDriverClassName(DataSourceProperties.java:253) ~[spring-boot-autoconfigure-2.5.2.jar:2.5.2]
	at org.springframework.boot.autoconfigure.jdbc.DataSourceProperties.initializeDataSourceBuilder(DataSourceProperties.java:194) ~[spring-boot-autoconfigure-2.5.2.jar:2.5.2]
	at org.springframework.boot.autoconfigure.jdbc.DataSourceConfiguration.createDataSource(DataSourceConfiguration.java:48) ~[spring-boot-autoconfigure-2.5.2.jar:2.5.2]
	at org.springframework.boot.autoconfigure.jdbc.DataSourceConfiguration$Hikari.dataSource(DataSourceConfiguration.java:90) ~[spring-boot-autoconfigure-2.5.2.jar:2.5.2]
	at sun.reflect.NativeMethodAccessorImpl.invoke0(Native Method) ~[na:1.8.0_141]
	at sun.reflect.NativeMethodAccessorImpl.invoke(NativeMethodAccessorImpl.java:62) ~[na:1.8.0_141]
	at sun.reflect.DelegatingMethodAccessorImpl.invoke(DelegatingMethodAccessorImpl.java:43) ~[na:1.8.0_141]
	at java.lang.reflect.Method.invoke(Method.java:498) ~[na:1.8.0_141]
	at org.springframework.beans.factory.support.SimpleInstantiationStrategy.instantiate(SimpleInstantiationStrategy.java:154) ~[spring-beans-5.3.8.jar:5.3.8]
	... 86 common frames omitted

]]></system-out>
  </testcase>
</testsuite>